O O O O O O O O O O O O B-clinic-servicetype O
O O O O O O O O O B-clinic-booktime O O
O O O O O O O
O O O O
O O O O O O O O O B-clinic-covidbrand O O
O O O O O O B-clinic-covidbrand
O O O O O B-clinic-area O
O O O O O O O O B-clinic-booktime O O
O O O O O O O
O O O O O
O O O O O B-clinic-servicetype O O O O O O O O
O O O B-clinic-area O O O
O O O B-clinic-covidbrand
O O O B-clinic-bookpeople O O B-clinic-bookday O B-clinic-booktime O
O O O O O O O O O O O
O O O O O O O O O O O B-clinic-servicetype O
O O O O O O O O O O O O O O
O O O O O O O O
O O O O O O O O
O O O O O O O O O B-clinic-booktime O O O
O O O O O O O O O O
O O O O O O O O O O O O B-clinic-servicetype O
O O O B-clinic-covidbrand O O O O O
O O O O O O O B-clinic-booktime O O O
O O O B-clinic-booktime O O O
O O O O O O O O O O O
O O O O O O O O O O B-clinic-servicetype O
O O O O O O O O O O O O O O O
O O O O O O O O O
O O O O
O O O O O O O B-clinic-name O
O O O O O O O O O O O O O O O
O O B-clinic-servicetype O
O O O O B-clinic-bookday O B-clinic-booktime O
O B-clinic-bookperson O
O O O O O
O O O O O O O O O O O O B-clinic-servicetype O
O O O O O O O B-clinic-bookperson O B-clinic-booktime O B-clinic-bookday
O B-clinic-covidbrand O
O O O O O O O
O O O O B-clinic-name O
O O O O O O O O B-clinic-bookday O B-clinic-booktime O O O O O
O O O O B-clinic-bookday O B-clinic-booktime
B-clinic-servicetype O
B-clinic-bookperson O
O O O O O O O
O O O O O O O O O O O
O O O O B-clinic-servicetype O O O O O O O O O O
O O O O O O O
O O O O O O O O O O O O
O O O O O O O O O
O O O O O O O O B-clinic-servicetype O O O B-clinic-area
O B-clinic-name O O O O O O
O O O O O O O
O O O O O O
O O O O O O O O B-clinic-area O O B-clinic-servicetype O O O O O O O O O O O O O
O O O
O O O O O O B-clinic-servicetype O O O O
O O O O B-clinic-area
O O O O B-clinic-covidbrand
O O O O O O O O O B-clinic-booktime O O
O O O O O
O O O O O O B-clinic-area O O O O B-clinic-servicetype O
O O O O O O O O O O O B-clinic-covidbrand O B-clinic-booktime O O O O O O O O
O O O O O O O O O O
O O O O O O O O B-clinic-servicetype O O O B-clinic-area O O O O O O
O O O O O B-clinic-covidbrand O O O O O O O O O O O O O O O O O
O O O O O O O O O O
O O O O O O B-clinic-servicetype O
O O O O O O O O B-clinic-covidbrand
O O O O O O O O O O O O
O O O O O O O O B-clinic-booktime O O O
O O O O
O O O O O O O O O O B-clinic-servicetype O
O O O O O O O O O B-clinic-area O O B-clinic-servicetype O
O O O O O O O O O B-clinic-booktime O O O
O O O O O O O
O O O O O O O O O O O B-clinic-servicetype O O O O O O O
O O B-clinic-covidbrand O
O O O O O O O O O O O O O B-clinic-booktime
O O O O O O O B-clinic-booktime O O O O O O O O O O O
O O O O O O O O O
O O O O
O O O O O O O O B-clinic-servicetype O O O O O O O O
O O O B-clinic-covidbrand
O O O O O
O O O
O O O O O O B-clinic-servicetype O O
O O O O O O O B-clinic-area O O O
O O O O O O O O O O O O B-clinic-booktime O O O O O O O
O O O O O O O O O
O O O O B-clinic-servicetype O O O O O O O O O O O O
O O O O O O O O O O B-clinic-area O
O O O O O O O O O O O O O O
O O O O
O O O O O O O O O O O B-clinic-name O
O O O O O O O O O O B-clinic-booktime O O O
O O O O O O O O O B-clinic-covidbrand B-clinic-servicetype O
O O O O O O B-clinic-covidbrand O
O O O O O B-clinic-area O
O O O O O O O O B-clinic-booktime O O
O O O O O O O
O O O O O
O O O O O O O B-clinic-servicetype O B-clinic-covidbrand O O O
O O O O O O O B-clinic-area
O O O O O O O O
O O O O
O O O O O O
O O O O O O O O O O O B-clinic-name
O O O O O O O O O O O O O B-clinic-booktime
O O O O O O O O O O O O O O
O O O O O O O
O O O O O
O O O O O B-clinic-servicetype O O O O B-clinic-area O O O
O O B-clinic-area O O O
O O O B-clinic-covidbrand
O O O O O O B-clinic-booktime O O O
O O O O O O O O O O O
O O O O O O O O B-clinic-name
O O O O B-clinic-booktime O O O O O O O O O O
O O O O
O O O O O O O O
O O O O O
O O O O O O O B-clinic-servicetype O O O O O
O O O O B-clinic-clinic-covidbrand O
O O O O O O O O O O O O O O B-clinic-booktime O
O O O O O
O O O O O O O O O O
O O O O O O O B-clinic-name O O O O O O O
O O O O O O O O O O B-clinic-booktime O O O O O O
O O O O O O O O
O O O B-clinic-area O O O O O O O O O O
O O O O O O O O
O O O O
