O O O O O O O O O O O O B-servicetype O
O O O O O O O O O B-booktime O O
O O O O O O O
O O O O
O O O O O O O O O B-covidbrand O O
O O O O O O B-covidbrand
O O O O O B-area O
O O O O O O O O B-booktime O O
O O O O O O O
O O O O O
O O O O O B-servicetype O O O O O O O O
O O O B-area O O O
O O O B-covidbrand
O O O B-bookpeople O O B-bookday O B-booktime O
O O O O O O O O O O O
O O O O O O O O O O O B-servicetype O
O O O O O O O O O O O O O O
O O O O O O O O
O O O O O O O O
O O O O O O O O O B-booktime O O O
O O O O O O O O O O
O O O O O O O O O O O O B-servicetype O
O O O B-covidbrand O O O O O
O O O O O O O B-booktime O O O
O O O B-booktime O O O
O O O O O O O O O O O
O O O O O O O O O O B-servicetype O
O O O O O O O O O O O O O O O
O O O O O O O O O
O O O O
O O O O O O O B-name O
O O O O O O O O O O O O O O O
O O B-servicetype O
O O O O B-bookday O B-booktime O
O B-clinic-bookperson O
O O O O O
O O O O O O O O O O O O B-servicetype O
O O O O O O O B-clinic-bookperson O B-booktime O B-bookday
O B-covidbrand O
O O O O O O O
O O O O B-name O
O O O O O O O O B-bookday O B-booktime O O O O O
O O O O B-bookday O B-booktime
B-servicetype O
B-clinic-bookperson O
O O O O O O O
O O O O O O O O O O O
O O O O B-servicetype O O O O O O O O O O
O O O O O O O
O O O O O O O O O O O O
O O O O O O O O O
O O O O O O O O B-servicetype O O O B-area
O B-name O O O O O O
O O O O O O O
O O O O O O
O O O O O O O O B-area O O B-servicetype O O O O O O O O O O O O O
O O O
O O O O O O B-servicetype O O O O
O O O O B-area
O O O O B-covidbrand
O O O O O O O O O B-booktime O O
O O O O O
O O O O O O B-area O O O O B-servicetype O
O O O O O O O O O O O B-covidbrand O B-booktime O O O O O O O O
O O O O O O O O O O
O O O O O O O O B-servicetype O O O B-area O O O O O O
O O O O O B-covidbrand O O O O O O O O O O O O O O O O O
O O O O O O O O O O
O O O O O O B-servicetype O
O O O O O O O O B-covidbrand
O O O O O O O O O O O O
O O O O O O O O B-booktime O O O
O O O O
O O O O O O O O O O B-servicetype O
O O O O O O O O O B-area O O B-servicetype O
O O O O O O O O O B-booktime O O O
O O O O O O O
O O O O O O O O O O O B-servicetype O O O O O O O
O O B-covidbrand O
O O O O O O O O O O O O O B-booktime
O O O O O O O B-booktime O O O O O O O O O O O
O O O O O O O O O
O O O O
O O O O O O O O B-servicetype O O O O O O O O
O O O B-covidbrand
O O O O O
O O O
O O O O O O B-servicetype O O
O O O O O O O B-area O O O
O O O O O O O O O O O O B-booktime O O O O O O O
O O O O O O O O O
O O O O B-servicetype O O O O O O O O O O O O
O O O O O O O O O O B-area O
O O O O O O O O O O O O O O
O O O O
O O O O O O O O O O O B-name O
O O O O O O O O O O B-booktime O O O
O O O O O O O O O B-covidbrand B-servicetype O
O O O O O O B-covidbrand O
O O O O O B-area O
O O O O O O O O B-booktime O O
O O O O O O O
O O O O O
O O O O O O O B-servicetype O B-covidbrand O O O
O O O O O O O B-area
O O O O O O O O
O O O O
O O O O O O
O O O O O O O O O O O B-name
O O O O O O O O O O O O O B-booktime
O O O O O O O O O O O O O O
O O O O O O O
O O O O O
O O O O O B-servicetype O O O O B-area O O O
O O B-area O O O
O O O B-covidbrand
O O O O O O B-booktime O O O
O O O O O O O O O O O
O O O O O O O O B-name
O O O O B-booktime O O O O O O O O O O
O O O O
O O O O O O O O
O O O O O
O O O O O O O B-servicetype O O O O O
O O O O B-clinic-clinic-covidbrand O
O O O O O O O O O O O O O O B-booktime O
O O O O O
O O O O O O O O O O
O O O O O O O B-name O O O O O O O
O O O O O O O O O O B-booktime O O O O O O
O O O O O O O O
O O O B-area O O O O O O O O O O
O O O O O O O O
O O O O
