O O O O O O O O O O B-departure
O O O O O B-destination
O O O O O O O O O O O O B-departure O O O O
O O O O O O O O O O O O O O O O O O O O O
O O O O O O O O O O O O O O O O O O
O O O O O O B-destination
O O O O O O O O
O O O O O O O O O O O O O O O
O O O O O O O O O O O
O O B-destination
O O O O O O O O
O O O O O
O O O O O O O O O O
O O O
O O O O O O O O
O O O O O O O O O O B-departure
O O O O O B-destination
O O O O O O O O O O O O B-departure O O O O
O O O O O O O O O O O O O O O O O O O O O
O O O O O O O O O O O O O O O O O O
O O O O O O
O O O O O O O O O O O O
O O O O O O O O O O O O B-departure O O O O
O O O O O O O O O O O O
O O O O O O O O O
O O O O O O O O O
O O O O O O O O O O
O O O O O O O O O O O O O O O
O O O O
O O O O O O O O O O O
O O O O O O
