O O O O O O O O O O O O 
O O O O O B-restaurant-food O O O B-restaurant-area O 
O O O O O O O O O 
O O O O B-restaurant-bookpeople O B-restaurant-booktime O O O O O O O O O O O O O O O O 
O O O O O O O O 
O O O O O O O 
O O O O O O O O 
O O O O O O O O O O O O O O 
O O O O 
B-hotel-internet O O O O B-hotel-type 
O O O O O O O O O O O O B-hotel-bookpeople O O B-hotel-bookstay O O B-hotel-bookday 
O O O O O O O O O O O O O O O O O O O 
O O O O O O O O 
O O O O O O O O O O O O O O B-hotel-bookpeople O O B-hotel-bookstay O O B-hotel-bookday 
O O O O O O O O O O O O O O O O O O O O O 
B-hotel-internet O O O O O O O O 
O O O O O O O O O 
O O O O O O O O O O O O O O B-restaurant-food O O O B-restaurant-area O O O 
O O O O O O O O O O O O O O O O O O O O O O 
O O O O O O O O B-restaurant-food O O O O O O O O B-restaurant-booktime O O O O 
O O O O O O O O O O O O O O O O O O O O O O 
O O O O O O O O O B-restaurant-food O O O B-restaurant-area O 
O O O O O O O O O O O O O O O 
O O O O O O O O O O O O O O O 
O O O O O O O O O O O O O B-hotel-bookpeople O 
O O O O O O O O O O B-restaurant-pricerange O O O B-restaurant-booktime O B-restaurant-bookpeople O O B-restaurant-bookday 
O O O O O O O O O O O O O O O O B-hotel-bookpeople O O B-hotel-bookday 
O O O O O O O O O O O O O O O O O O O B-restaurant-booktime O O O O O 
O O O O O O O O O O O O O O O O O O O O O O O O O 
O O O O O O 
O O O O O O 
O O O O O O O O 
B-restaurant-food O O O O O O O O O O O O O O 
O O O O B-restaurant-area O 
O O O O O O O O B-restaurant-area O O O O O B-restaurant-food O O 
O O O O O O O O O O O O 
O O O O O B-restaurant-bookpeople O O B-restaurant-booktime O B-restaurant-bookday 
O O O O O O O O O O O O O 
O O O O O O O O O O O O O 
O O O O 
O O O O 
O O O O O O O O O O O O O O 
O O O O O O O O O O O O O O 
O O O O O 
O O O O O 
O O O O O O O O O O O O O O O 
O O O O O O O O O O O O O O O O O O O O O O B-restaurant-pricerange O O 
O O O O O O O O O O B-restaurant-food 
O O O O O O O O O B-restaurant-food O 
O O O O O O O O 
O O O O O O O O O O O O O O O O O O 
O O O O O O O O 
O O O O O O O O O O O O O O O O O O O O O O O 
O O O O O O O B-restaurant-food O O O B-restaurant-area O O 
O O O O O B-restaurant-pricerange O O O 
O O O O O B-restaurant-bookpeople O O B-restaurant-booktime O B-restaurant-bookday 
O O O O O O O O O O O O O O 
O O O O O O O 
O O O O O O O O O O O O O O O O 
O O O O O O 
O O O O O O 
O O O O O O O O B-restaurant-area O O O O O B-restaurant-food O 
O O B-restaurant-food O O 
O O O O O O O O O O 
O O O O O O O O O 
O O O O O 
O O O O 
O O O O O O O O B-restaurant-food O O O O O O O O 
O O O O O O O O 
O O O O O O O O O O B-restaurant-name 
O O O 
O O O O O B-restaurant-pricerange B-restaurant-food O O O O 
O O O O O O O O O O O 
O O O B-restaurant-food O 
O O O O O O O O O O O B-restaurant-pricerange 
O O O O O O O O O O O O 
O O O B-restaurant-bookpeople O O O O B-restaurant-booktime 
O O O O O O O O O 
O O O O O O O O O O 
O O O O O B-hotel-type O O O O 
O O O O 
O O O O 
O O O O O O O O O O O O O O O O O B-restaurant-pricerange 
O O O O O O O O O O B-hotel-area O O O O O O B-hotel-pricerange 
O O O O O O O O O O O O O O O O O O O 
B-hotel-internet O O O O O O O O O O O O O O O O B-hotel-bookstay O 
O O O O O O O O O 
O O O O O O O O O 
O O O O O O O O 
O O O O O O O O 
O O O O 
O O O O 
O O O O O O 
B-hotel-parking O O O O O B-hotel-type O O B-hotel-pricerange O O O O O O O O 
O O O O O 
O O O O O O O O O O O O O B-hotel-area O O O O O O O O O O O B-hotel-area 
O O O O O O O O O O O O O B-hotel-area O 
O O O O O O O 
O O O O O O O O O O O O O O O O O O O O O O O O O O O 
O O O O O O O O O O 
O O O O O O O O O O O O O O O O O O O O O O 
O O O O O O O O O 
O O O O O O O O O O O O 
O O O O O O O O O O B-restaurant-name O O O O O O O 
O O O O O O O O O O O O O O O O O O 
O O O O O O O O O O O B-restaurant-bookpeople O B-restaurant-booktime O B-restaurant-bookday 
O O O O O O O O O O O O O O O O 
O O O O 
O O O O 
O O O O O B-restaurant-food O O O O O O O O O O O O O O O B-restaurant-pricerange O O O O O O 
O B-restaurant-food O O O O 
O O O O O O O O O O O O B-restaurant-bookpeople O O B-restaurant-booktime O B-restaurant-bookday O 
O O O O O O O O 
O O O O O 
O O O O O O O O O O O O B-restaurant-food O O O O O 
O O O O O O O O O O O O O O O O O O 
O O O O B-restaurant-area O O 
O O O B-restaurant-food O 
O O O O O O O O O 
O O O O O O O O O O O 
O O O O O O O B-hotel-type O O O 
O O O O O O O 
O O O O O O O 
O O O O O O O O O O O O O O O O 
B-hotel-internet O O O O O O O O O O O O O O O 
O O O O O O O O 
B-hotel-bookday O O O O O O O 
O O O O O O 
O O O O O O 
O O O O O O 
O O O O O O 
O O O O O O B-hotel-type O O O O O B-hotel-area 
O O O O O 
O O O O O O O O O O B-hotel-bookday O O O O O 
O O O O O O O O O O 
O O O O O B-restaurant-pricerange O O O O O O 
O O O O O O O O O B-restaurant-food 
B-restaurant-area O O O O O O O O O O O O O O O O 
O O O O O O O O O 
O O O O O O O O O O O O O O O 
O O O O O B-restaurant-bookpeople O O B-restaurant-booktime O B-restaurant-bookday 
O O O O O O O O O 
O O O O O O 
B-hotel-internet O O O O O O B-hotel-stars O B-hotel-type O O O O O O 
O O O O O O O O O 
O O O O 
O O O O O O O 
O O O O O O O B-restaurant-food O 
O O O O O B-restaurant-pricerange O O 
O O O O O O O B-restaurant-area O O O O O B-restaurant-food O 
O O O O O O O B-restaurant-bookpeople O O B-restaurant-booktime O B-restaurant-bookday O O O O O O 
O O O O O O O O O O 
O O O O O O O O O O O 
O O O O O O O O O O O O B-restaurant-name O O O O O O O B-restaurant-booktime O O O O O O O O O 
O O O O O O O O O O O O O O O O O O B-restaurant-booktime 
O O O O O O O O O O 
O O O O O O O O O O O O O B-restaurant-food O 
O O O O O O O O O O O O O O O 
O O O O O O O O O O O O O 
O O O O O O O O O O O O O O O O O 
O O O O O O O O O O O O O O O O O 
O O O O O O O O O O O O 
O O O O O O O O O O O O 
O O O O O O O 
O O O O O O O 
O O O O O O O O O O O O O O O O O B-restaurant-pricerange O O 
O O O O O O O O O O O O O O O O O B-hotel-pricerange O O 
O O O O O O O O O O O O 
O O O O O O O O O O O O 
O O O O O O O O O O O O O O 
O O O O O B-hotel-area O O O O O O O O 
O O O O O O O O O O O O O O O O 
O O O O O O O O O O O O O O O O 
O O O O O O O O O O O O O O O O O O O O O O O 
O O O O O O O O O O O O O O B-restaurant-food O O O O O O 
O O O O O O O O O O O O O O O O 
O O O O O O O O O O O O O O O 
O O O O O O O O 
O O O O 
O O O O 
O O O O O O O O B-restaurant-bookday O O O O O 
O O O O O O B-restaurant-booktime B-restaurant-bookday O B-restaurant-bookpeople O 
O O O O O B-restaurant-bookday 
O O O B-restaurant-bookday O O O O O O 
O O O 
O O O O O O O O O O B-restaurant-bookday O O 
O O O O O O O O O O O O O O O O O O O 
O O O O O O B-hotel-pricerange B-hotel-stars O O O O O O O O O O O 
O O O O O O O O O O O O O O O O O O O O O 
O O O O O O O O O O O B-hotel-pricerange O O O O O O O O O 
O O O O O O O O O 
O O O O O O O O O B-hotel-bookstay O O O O O O B-hotel-bookday 
O O O O O O O O O O O O 
O O O O O O O O O 
O O O O O O O O 
O O O O O O O O 
O O O O O O O O O O O B-hotel-pricerange O B-hotel-stars O 
O O O O B-hotel-type O O B-hotel-area O 
O O O O O O O O O O 
O O O O 
O O O O O O O O O B-restaurant-food O O O B-restaurant-area 
O O O O O O O 
O O O O O O B-restaurant-bookpeople O B-restaurant-booktime O B-restaurant-bookday 
O O O O O O O O O O O O O O O O O O O O O 
O O O O O O 
O O O O O B-restaurant-bookday O B-restaurant-bookpeople O O O 
O O O O O O O O O O O 
O O O O O O O B-restaurant-pricerange O O O B-restaurant-area O O O O O O O 
O O O B-restaurant-food O 
O O B-restaurant-food O 
O O O O O O O O O O B-restaurant-bookpeople O O O O O O O O B-restaurant-booktime O B-restaurant-bookday 
O O O O O O O O O O O O O O 
O O O O O O O O O O O O O O 
O O O O O O O O 
O O O O O 
O O O O O O O O O O O O O O 
O O O O B-restaurant-pricerange O O O B-restaurant-food O O O O O 
O O O O O O O O O 
O O O O O O O O O O O O O 
O O O O O 
O O O O O B-restaurant-pricerange O O O O O B-restaurant-food O 
O O O B-restaurant-food O O B-restaurant-area O O 
O O B-restaurant-food O 
O O O O O O O O O O 
O O O O O O O O O O O O O O O O O O 
O O O O O O 
O O O O O O 
O O O O O O O O O O O O O O O O O O O 
O O O O O O O O O O O O O O O O O O O 
O O O 
O O O O O O O O O O O O O O O O 
O O O O O O O O O B-restaurant-pricerange O O O O O 
O B-restaurant-pricerange B-restaurant-food O 
O O O O O 
O B-restaurant-bookpeople O O B-restaurant-booktime O B-restaurant-bookday 
O O O O O O O O 
O O O O O O O O O O O O 
O O O O O O O O O O O O O O O O O O O 
O O O O O O B-restaurant-pricerange B-restaurant-food O 
O O O O O O O O O O B-restaurant-area O 
O O O O O O 
O O O O O B-restaurant-booktime O O O O B-restaurant-bookpeople 
B-restaurant-bookday O O O O O O 
O O O O O O O B-restaurant-booktime O O 
O O O O 
O O O O O O O O O 
O O O O O O B-hotel-type O O B-hotel-area O O O O O O O O 
O O O O O O O O O 
O O O O O 
O O O O O O O O O O O O O O O O O 
O O O O B-hotel-area O O O O O 
O O O O O O O O B-hotel-area O O O O O O O O O O O O 
O O B-hotel-name O O O O O O O B-hotel-bookpeople O O B-hotel-bookstay O O O B-hotel-bookday 
B-hotel-internet O O O O O O O O O O O O O O O O 
O O O O O O O O 
B-hotel-internet O O O O O O O O O O B-hotel-bookpeople O O O O O O O 
O O O O O O O 
O O O O O O O O O O 
O O O O O O O O O O O O O O O O B-hotel-type O O O O O 
O O O O O O O O O O O O B-hotel-stars O O 
O O O O O O O O 
B-hotel-bookpeople O O O O O O O B-hotel-bookstay O O B-hotel-bookday 
O O O O O O O O O 
O O O O O O O O O O O 
O O O O O 
O O O O O O O O O O O O O O O O O O O O O 
O O O O O O O O O O O O 
O O O O O O O O 
O O O O O O O O O 
O O O O O O O O 
O O O O O O O O O 
O O O O O O O 
O O O O B-hotel-type O O B-hotel-area 
O O O O O O O O O 
O O O O O O O O O O 
O O O B-hotel-type O O O O O O O 
O O O O O O O B-hotel-type O O O 
B-hotel-internet O O O O O 
O O O O O O O 
O O O O B-hotel-bookday 
O O O O O B-hotel-bookstay O 
B-hotel-bookpeople O O O O O O O O O O O O O O 
O O O O O O O O O O 
O O O O O O O O O O O O 
O O O O O O O O O O O 
O O O O O O O O O O O O O O O O O O O 
O O O O O O O O O O 
O O O O O O O O O 
O O O O O O O O O O O O 
O O O O O O O B-hotel-type O O O O O O O O B-hotel-area O O 
O O O O O O O O 
O O O O O 
O O O O O O O O O O O O B-hotel-type O O O O O O 
O O O O O O O O 
O O O O O O O O O O O 
B-hotel-internet O O O O O O O 
O O O O O O O O O O O O O O O 
O O O O O O O O O O O O O O O O O O B-restaurant-pricerange B-restaurant-food O O O O O 
O O O O O O O O O O O O O 
O O O O O O O O O O O O B-restaurant-bookpeople O O B-restaurant-bookday O B-restaurant-booktime 
O O O 
O O O O O O O O O O O O O O O O 
O O O O O O O O O O O O O O O O 
O O O O O O O O 
O O O O O O O O 
O O O O O O O O O O O 
O O O O O O O O O O O 
O O O O O O 
O O O O O O 
O O O O O 
O O O O O 
O O O O O O O O O 
O O O O O O O O O 
O O O O O O B-hotel-pricerange O O O O O O O 
O O O O O O O O O O O O O O 
O O O O O B-hotel-type O O B-hotel-area O O O O O O O O B-hotel-area O 
O O O O O O O O O O O O O O O O O O O 
B-hotel-internet O O O O O B-hotel-bookday O B-hotel-bookstay O 
O O O B-hotel-bookpeople O O 
O O O O O O B-restaurant-pricerange B-restaurant-food O O O O 
O O O O O O B-hotel-pricerange O O O O B-hotel-type 
O O O O O O O O 
O O O O O O O O 
O O O O O O O O O O O O O O O O O O O O O O 
O O O O O O O O O O O O O O O O B-hotel-type O O O O O 
O O O O O O O 
O O O O O O O 
O O O O O O O O O O O O O 
O O O O O O O 
O O O O O O O B-restaurant-bookpeople O O O O O O O O O 
O O B-restaurant-booktime O B-restaurant-bookday 
O O O O O O O O O O O O O O O O O 
O O O O B-hotel-stars O O O B-hotel-area O O O O O O O B-hotel-type 
O O O O O O O 
O O O O O B-hotel-stars O 
O O O O O O O 
O O O O O O O 
O O O O O O 
O O O O O O 
O O O O O O O O O O 
O O O O O O O O O O 
O O O O O O O O O O O O O O O O O O O O O O O O O O O O O 
O O O O O O O O B-hotel-type O O O O O O O O O O O O O O O O B-hotel-type O O B-hotel-area 
O O O O O O O O O O O O O 
O O O O O O B-hotel-type O B-hotel-stars O B-hotel-type O O 
O O O O O O O O O O O O O O 
O O O O O O O O O O O O B-hotel-type O 
O O O O O O O O O O O O 
O O O O O O O O B-hotel-type O O O 
O O O O O O O O O 
O O O O O O O O O 
O O O O O O O O O O O O O O O O O 
O O O O O O B-restaurant-bookday O B-restaurant-booktime O 
O O O O O B-restaurant-booktime 
O O O O O O O O O O 
O O O O O O O O O O O O B-restaurant-pricerange O 
O O O O O B-restaurant-food O O O B-restaurant-area 
B-restaurant-name O O O O O 
O O O O O O O O O O O O O O O O O O 
O O O O O O O O O O 
O O O O O O O O O O O O O O O O 
O O O O O O O O 
O O O O O 
O O O O 
O O O O 
O O O O O O O O O O O 
O O O O O O O O B-restaurant-food O 
O O O O O O B-restaurant-food O O 
B-restaurant-pricerange O O O O O 
O O O O O O O O O O O O O O O O O O O O O O O O O O O O O O 
O O O O O O O B-restaurant-bookday O B-restaurant-booktime 
O O O O O O O O O O 
O O O O O O O O O O O O O O B-restaurant-pricerange O O O O O B-restaurant-food O 
O O O O O O 
O O O O B-restaurant-bookday O B-restaurant-booktime O B-restaurant-bookpeople O 
O O O O O O O O 
O O O O B-restaurant-food O O O B-restaurant-area O O 
O O O O B-restaurant-area O O O B-restaurant-pricerange O O 
O O O O O O O 
O O O O O O O O O O B-restaurant-bookpeople O O B-restaurant-booktime O B-restaurant-bookday 
O O O O O O O O O O O 
O O O O O O O O O 
O O O O O O O O B-restaurant-pricerange O O O O O O O O O 
O O O O O B-restaurant-pricerange O O O O O O O O 
O O B-restaurant-food O O B-restaurant-pricerange O O O O 
O O O O O O B-restaurant-bookpeople O B-restaurant-booktime B-restaurant-bookday 
O O O O O O O O O O O O O O O 
O O O B-restaurant-bookday O O O O B-restaurant-bookpeople 
O O O O O O O O O O O O O 
O O O O O O O O O O O O O O O O O O O 
O O O O O 
O O O O O O O O O O O 
O O O O O O B-hotel-type O O O O O O O O O B-hotel-stars 
O O O O O O O B-hotel-area 
O O O B-hotel-stars O O O B-hotel-pricerange O O O 
O O O O B-hotel-type 
O O O O O O O O O 
O O O O O O O O O O O O O O O O O O O O O 
O O O O O O O 
O O O B-restaurant-pricerange B-restaurant-food O O O 
O O O O B-restaurant-food O 
O O O O O O O O O O 
O O 
O O O 
O O O O O O O O O O O O O O O O O O O O 
O O O O O O O O O O O B-hotel-pricerange O O O O O 
O O O O O O B-hotel-bookstay O O O B-hotel-bookday O O O B-hotel-bookpeople O 
B-hotel-internet O O O O O O O O O O O O O O 
O O O O O O O O O O O O O 
O O O O O O O O O O O O O O O O O O O O O O O O O O O O 
B-hotel-internet O O O O O O O 
O O O O O O O O O O O O O O O B-hotel-area O O O O O O O O 
O O O O O O O O O O O O O O O O O O O O O O O O 
O O O B-hotel-type 
O O O O O O O O O O 
O O O O O O O O O O O O O O O O O 
O O O O O O O O O O O O O O B-restaurant-pricerange O O O O O 
O O O O O O O O O O O O O O O O O O O O 
O O O O O O O O O O 
O O O O O O O O O O 
O O O B-restaurant-bookpeople O O O O B-restaurant-booktime O B-restaurant-bookday O 
O O O O O O O O O O O O 
O O O O O O O O O O O O B-restaurant-booktime 
O O O O O O O O O O O O O 
O O O O O O 
O O O O O O 
O O O O O O O O O O 
O O O O O O O O O O O O O O O 
O O O O O O O O O O O O O O O O O O O B-restaurant-name 
O O O O O O O O O 
O O O O O O B-restaurant-food O O O B-restaurant-area O O 
O O B-restaurant-food O 
O O O 
O O O O O O O O O 
O O O 
O O O O O O O O O O O O O O O O 
O O B-restaurant-bookpeople O O B-restaurant-booktime O B-restaurant-bookday 
O O O O O O O O O O O O O O O O O O O O O 
O O O O O O O O O O 
O O O O O O O O O O O O O O 
O O O O O O O O O O 
O O O O O O O O O O 
O O O B-restaurant-pricerange O O O B-restaurant-area O O O 
O O O O B-restaurant-food O O O O O O O O O O O 
O O O 
O O O O O O O O O O O 
O O O O O O O B-hotel-area O O O O B-hotel-type 
O O O O O O O O O B-hotel-stars O 
O O O O O O O 
O O O O O O B-hotel-area 
O O O O B-hotel-type O O O O O O O 
O O O O O O O O O O O O O O O O O O O O O O O O O O 
B-hotel-parking O O O O O O B-hotel-bookday O B-hotel-bookstay O O B-hotel-bookpeople O 
O O O O O O O O O O 
O O O O O O O O O O O O O O O O O O O O 
O O O O O O O O O O O O O O O 
O O O O O O O O O O 
O O O O O O O O O O O O O 
O O O O O O O O O O O 
O O O O O O O O 
O O O O 
O O O O O O B-restaurant-food O O O O O O 
O O O O O O O O O O O O O O O B-restaurant-bookpeople O O B-restaurant-booktime O B-restaurant-bookday O O O O O 
O O O O O O 
O O O O O O O O 
O O O O O O O O O O O O O O O O B-hotel-area O O B-hotel-stars O O 
O O O O O O O O O O O O B-hotel-type O O O O O 
O O O O O O B-hotel-bookpeople O O B-hotel-bookstay O O B-hotel-bookday O O O O O O O 
O O O O O O O O O O O B-hotel-bookday 
O O O O O O 
O O O O O O O 
O O O O O O O O O O O O O O O O O O 
O O O O O 
O O O O O O O O O O O O O O O O O O O O B-hotel-area O O O O O O O 
O O O O O O O O O O 
O O O O O O O O O B-hotel-bookpeople O O B-hotel-bookstay O O O B-hotel-bookday O O O O O O O O O O O O 
O O O O O O O O O O 
O O O O O O O O O O O O O 
O O O O O O O O O O O O O O O O O O O O O 
B-hotel-internet O O O O B-hotel-type O O B-hotel-stars O O 
O O O O O O O O O O O O O O O O 
B-hotel-bookday O O O O O O O O 
O O O O O O O O O O O O O 
O O O O 
O O O O O O B-restaurant-pricerange B-restaurant-food O 
O O O O O O O O O B-restaurant-bookday O B-restaurant-booktime O B-restaurant-bookpeople O O 
O O O O O O O O O O 
O O O O O O O O O O O O 
O O O O O O O O O O O B-hotel-bookday 
O O O O O O O O B-hotel-bookday O B-hotel-bookpeople O B-hotel-bookpeople O 
O O O O O O O O O O O O O O O 
O O O O O O O O O O O O O O O 
O O O O O O O O O O O B-hotel-pricerange O O O O O O O B-hotel-type O O B-hotel-stars O O 
O O O O O O O O O O O O O O O O O O O O O O O O O 
O O O O O O O 
O O O O O O O O O B-restaurant-food O O O O O O B-restaurant-area 
O O O O O O O O O O O O O O O O O 
O O O O O O O O O O O O O 
O O O O O O O O O O O O O 
O O O O O O O O O O O O O O O O O 
O O O O O O O O O B-restaurant-area O O O O B-restaurant-pricerange 
O O O O B-restaurant-food O 
O O B-restaurant-food 
O O O O O O O O O O O 
O O O O O O O O 
O O O O O O 
O O O O O O O O O O 
O O O O O O B-restaurant-food O O O B-restaurant-area 
O O O O 
O O O O O O 
O O O B-restaurant-bookpeople O O B-restaurant-bookday O B-restaurant-booktime O O O O O O O O O O 
O O O O O O 
O O O O O O O O O O O O O O O O 
O O O O O O B-hotel-type 
O O O O O O O O O O O O O O O O O O O O O 
O O O O O O O O O B-restaurant-food O O O B-restaurant-area O 
O O O O O O O O O O O O O O O 
O O O O O O O 
O O O O O O O 
O O O O O O O O O O O O B-restaurant-bookday O B-restaurant-booktime 
O O O O O O O O O O O O O O O 
O O O O O O O O O O O O O O 
O O O O O O O O O O O O O O 
O O O 
O O O 
O O O O O O O O O O O O O O O 
O O O O O O 
O O O O O B-hotel-pricerange O O O 
O O O O O O O O O O O 
O O O O O B-hotel-bookpeople O O B-hotel-bookstay O O O B-hotel-bookday 
O O O O O O O O O O 
O O O O O O O O O O O O O O O O O O O O 
O O O O O O O O O O O O O O O 
O O O O O O O O O O O O O O O O B-hotel-pricerange O O O O O O 
O O O O O O B-hotel-type O 
B-hotel-parking O O O O O O O O 
O O B-hotel-bookpeople O O B-hotel-bookstay O O B-hotel-bookday O O O O O O O O 
O O O B-hotel-type O O O O O 
B-hotel-parking O O O O O 
O O O O O O O O O O O O O 
O O O O O O O O O O O O O O O O O O O B-hotel-area 
O O O O O O O O O O O O O O O O O O O O O O O O O O O O O 
O O O O O B-hotel-stars O O 
O O O O O O O O O 
O O O O O O O O O O O O O O O O 
O O O O O O O O O O O O O 
O O O O O O O O O O O O O O 
O O O O O O O 
O O O O O O O 
O O O O 
O O O O O O O O O O O 
O B-hotel-type O O B-hotel-area O O O 
O O O O O O O O O O O O O O O O O O O 
O O O O O O O B-restaurant-name 
O O O O O O O O O B-restaurant-bookday B-restaurant-booktime O O O O O O O O O 
O O O O O O O O O O O O O O O O O O O O 
O O O O O O O O O O O O O O O 
O O O O O O O O O O O O O O O 
O O O O O O O O O O O O O O O 
O O O O O O O O O O O O O B-hotel-bookstay O 
O O O O O O O 
O O O O O O O 
O O O O O O 
O O O O O B-hotel-name O 
O O O O O O O O O O O O O O O O O O 
O O O O O O O O O 
O O O O O O O O O O 
O O O O O O O O O O B-hotel-pricerange O O B-hotel-area O 
O O O O O O 
O O O O O O O O O 
O O O O O O O O O O O O O O O O 
O O O O O O O O O O O O O O O 
O O O O B-restaurant-food O O O B-restaurant-pricerange O O O O O O O O O O O O O O O O O O O O O 
O O O O O O O O O O O O O O O O O O 
O O O O O O O O O O O 
B-hotel-parking O O O O O O O O O B-hotel-area O O O 
O O O O O O O O O O O B-hotel-bookpeople O O B-hotel-bookpeople O O O B-hotel-bookday 
O O O O O O O O O O O O O O O O O O O O O O O 
O O O O O O O 
O O O O O O O O O O 
O O O O O O O O O B-hotel-type O O B-hotel-pricerange O O 
O O O O O O O O O B-hotel-area O O O O O O O O O O 
O O O O O B-hotel-type O O O 
O O O O O B-hotel-bookpeople O B-hotel-bookstay O O B-hotel-bookday O O O O O O 
O O O O O O O O O O 
O O O O O O O O O O O O O O O O O O 
O O O O O O O O O O O O O O 
O O O O O 
O O O O O O B-hotel-type O O O O B-hotel-stars O O O O 
O O O O O O O O B-hotel-type O O O 
O O O O O O B-hotel-bookpeople O O B-hotel-stars O O B-hotel-bookday 
O O O O O O 
B-hotel-internet O O O O O O 
O O O O O O B-hotel-type O O O O O O O O O O 
O O O O O O O O O O O O O O O O O 
O O O O O O O O B-hotel-area O O O O O O 
O O O O O O O O O O O O O O O O 
O O O O O O O O O O O O O O O O 
O O O O O O 
O O O O 
B-hotel-internet O O O O O O O O O 
O O O O O 
O O O O O O O O O O B-restaurant-area O O O O O O B-restaurant-pricerange O O 
O O O O O O O O B-restaurant-pricerange O O B-restaurant-area O 
O O O 
O O O O 
O O O 
B-hotel-internet O O O O B-hotel-type O O O O 
O O O O O O 
O O O O O O O O O O O 
O O O 
O O O O O O O O O O O O O O O O O O O O O 
O O O O O O O O O O O O 
O O O O O O O O 
O O O O O O O B-hotel-bookpeople O O B-hotel-bookstay O O O B-hotel-bookday 
O O O O O O O O O O O O O O O 
O O O O O O O O O O O 
O O O O O O O O O O O 
O O O O O O O O O O O O O O B-restaurant-booktime 
O O O O O O O O O O O O O O O 
O O O O O O O O O O O O O O O O O O 
O O O O O O O O O O O O O O O O O O 
O O O O 
O O O O 
O O O O O B-hotel-type O O O O 
O O O O O O B-hotel-pricerange O O 
O O O O O O O O O B-hotel-bookpeople O O O O O B-hotel-bookday O O B-hotel-bookpeople O 
O O O O O O O O O O O O O O O 
O O O O O O O O O O O O B-hotel-area O O O 
O O O O O O O O O O O 
O O O O O B-hotel-stars O 
B-hotel-internet O O O B-hotel-bookpeople O O B-hotel-bookstay O O O B-hotel-bookday 
B-hotel-internet O O O O O O O O O O O O 
O O O O O O B-restaurant-pricerange O O O B-restaurant-food O 
O O O O O O O O O 
O O O 
O O O O O O O O O O O O O 
O O O O O O O O O O O O 
O O O O O O O O O O O O O B-hotel-bookday 
O O O O O O O O O O O O O O O O O O O O O O O O O O O 
O O O O O O O O O 
O O O O O O O O O O O 
O O O O O O O O 
O O O O O O B-hotel-pricerange B-hotel-type O O O O O 
O O O O O O O O O O O O O O B-hotel-pricerange O O O O O O O O O O O O O 
O O O O O O O O O O O O O O O O O 
O O O O O O O O O O O O O O O O O O 
O O O O O O O O O O O O O O O O O O 
O O O O O O O O O B-restaurant-bookpeople O O B-restaurant-booktime O B-restaurant-bookday 
B-hotel-internet O O O O O O O O O O O O O O 
O O O O O O O O O O O 
O O O O O O O O O O O 
O O O O O O O O O O O O O O O O O O O O O O O O 
O O O O O O O O O O 
O O O O O O O O O O O O O O O O B-hotel-bookpeople O O B-hotel-bookstay O O B-hotel-bookday 
O O O O O O O O 
O O O O O O O O O O O 
O O O O B-restaurant-pricerange O O O O O 
O O O O O O B-restaurant-area O 
O O O O O O O O O O O O O O O O O O O O O O O O O 
O O O O O O B-restaurant-pricerange O O O B-restaurant-area 
O O O O O O B-restaurant-food O O O O O O 
O O B-restaurant-food O 
O O O O O O O O O B-restaurant-bookday O B-restaurant-bookpeople O O B-restaurant-booktime 
O O O O O O O O O O O O 
O O O O O O O O O B-restaurant-area O O O O O B-restaurant-food O 
O O O O O 
O O O O O 
O O O O O B-restaurant-pricerange O O O O O B-restaurant-area O O O 
O O O O O O O O O O O O O 
O O O O O O O O O O O O O O O O O O O O 
O O O O 
O O O O O O O O O O O O O 
O O O O O O O B-restaurant-food O O O O B-restaurant-pricerange O O O B-restaurant-area 
O O O O O O B-restaurant-food O O O O B-restaurant-area O O O O O O O O O O 
O O O O O B-restaurant-bookday O B-restaurant-booktime 
O O O O O 
O O O O O O 
O O O O O O O O O B-hotel-type O O O O O B-hotel-area O O 
O O O O O O O O O O O O O O O O O O O O B-hotel-pricerange O 
O O O O O O O 
O O O O O 
O O O O O O O O O O O O O O O O O O 
O O O 
O O O O O O O O O O O O O 
O O O O O O O O O O O O O 
O O O O O O O O B-hotel-bookpeople O O O B-hotel-bookday O B-hotel-bookstay O 
O O O O O O O O O O O O O O O 
O O O O O O O O O O O O O O O O O O 
O O O O O O O 
O O O O O O O O O O O O 
O O O O O O O O 
O O O O O O O O O O O O O O O O O O O O 
B-hotel-parking O O O O O O O O O O O O O O O B-hotel-area O O O 
O O O O O O O O O 
B-hotel-parking O O O O O O O B-hotel-pricerange 
O O O O O O O O O O O O O O O O 
O O O O O O O O O B-hotel-bookstay O O O O O B-hotel-bookday 
O O O O O O O O O O O O O O O O O O O O O O O O 
O O O O O O O O O O 
O O O O O O O O O O O O O O 
O O O O O O O O O O O O 
O O O O O O 
O O O O O O O O B-restaurant-pricerange O O O B-restaurant-area 
O O O O O O O O O O O O O 
O O O O O O O O O O O 
O O O O O O O 
O O O O O O O 
O O O O B-restaurant-food O O O O O O O O O O O O O O B-restaurant-area 
O O O O O O O B-restaurant-bookpeople O B-restaurant-booktime O B-restaurant-bookday 
O O O O O O O O O O O O O 
O O O O O O O O O O O 
O O O O O O O O O O O O O O O O B-restaurant-bookpeople O 
O O O O O O O 
O O O O O B-restaurant-pricerange O O O B-restaurant-area O O O O O O O 
O O O O O O O O O O O O O O 
O O O 
O 
O O O O O O O O O O O B-hotel-area 
O O O O O O O O O O O 
O O O O 
O O O O O O O O O O O O O O B-hotel-bookstay O O O B-hotel-bookday O B-hotel-bookpeople O 
O O O O O O O O O O O O O O O O O O O O O O 
O O O O O O O O O 
O O O O O O O O O 
O O O O O O O O O O B-restaurant-booktime O O O O 
O O O O O O O O O O O O O O O 
O O O O O O O O O O O O O O O O O O O O O 
O O O O O O O O O O O O O O O O O O O O O 
O O O O O O O O O O O O O O 
O O O O O O O O O O O O O O 
O O O O O O O O O 
O O O O O O O O O 
O O O O O 
O O O O O 
O O O O O O O O O O O O O O O O O O O O O O O O O O O 
O O O O O O O O O O O O O 
O O O O O O B-restaurant-food O 
O O O B-restaurant-food O O O B-restaurant-area O 
O O O O O O O O O O O O B-restaurant-bookpeople O B-restaurant-booktime O B-restaurant-bookday O O O O O O O O O O O O 
O O O O O O O O O O O O O O 
O O O O O O O O O O O O O O O O O O O O O O O O O O O O 
O O O O O O O 
O O O O O O O O O O O O O O O O O O O O O O O O O O O 
O O O O O O O O O O O O O O 
O O O O O O O O O O O O O O O O O O O B-restaurant-booktime O O O 
O O O O O O O O O O 
O O O O O O O O O O O O O 
O O O O O O O O O O 
O O O O O O O O O O O O O O O B-restaurant-food O O O 
O O O O B-restaurant-food O 
O O O O O O O O O O O B-restaurant-bookpeople O O 
O O O O B-restaurant-bookday B-restaurant-bookpeople O O B-restaurant-booktime 
O O O O O O O O O O O O O O 
O O O O O O O O B-hotel-name O 
O O O O O O B-hotel-bookpeople O O B-hotel-bookday O O O O B-hotel-bookstay O 
O O O O O O O O O O O O O O O O 
O O O O O O O O O B-hotel-bookstay O O 
O O O O O O O O O O O 
O O O O O O O O O O O 
O O O O O O O O O O B-restaurant-booktime O O O O O O O 
O O O O O O O O O O O O O O O O O O 
O O O O O O O O O O O 
O O O O O O O O O O O 
O O O O O O O O O O O O O 
O O O O O O O O O O O O O 
O O O O O O O O O O O O O O O O O 
O O O O O O O O O O O O O O O O O 
O O O O O O O 
O O O O O O O 
O O O O O O O O O O 
O O O O O O O O O O 
O O O O O O B-restaurant-food O O O O 
O O O O O O O O 
O O O O O O O O O O B-restaurant-bookday O B-restaurant-booktime O O O B-restaurant-bookpeople O 
O O O O O 
O O O O O O O O O O O O O O O O O O 
O O O O O O O B-hotel-pricerange O O 
O O O O O O O O O O 
O O O O O O 
O O O O O O O O O O O O 
O O O O O O O O O B-restaurant-area O O B-restaurant-food O 
O O O O O O O O O O O O O O 
O B-restaurant-pricerange O O 
O B-hotel-pricerange O O 
O O O O O O O B-restaurant-food O 
O O O O O O O O O 
O O O O O O 
O O O O O O 
O O O O O O O O O O 
O O O O O O O O O O 
O O O O O O O O O O O O O O O O O O O O O 
O O B-restaurant-food O O O O 
O O O O O B-restaurant-food O 
O O O O O O O O O O O O O O O O O 
O O O O O O O O O O O O O 
O O O O O O O O O O O O O 
O O O O O O O O O O O O O 
O O O O O O O O O O O 
O O O O O O O 
O O O O O O O O O O O O O O O O O O O 
O O O O O O O O O B-restaurant-food O O O B-restaurant-area O O 
O O O O O O 
O O O O O O O O O O B-restaurant-booktime O B-restaurant-bookday 
O O O O O O O O O B-restaurant-bookpeople 
O O B-restaurant-booktime O 
O O O 
O O O O 
O O O O O B-restaurant-pricerange O O O O O 
B-restaurant-pricerange B-restaurant-food O O 
O O O O B-restaurant-food O O O B-restaurant-area O O 
O O O O O O O O O O O 
O O O O B-restaurant-pricerange O 
O O O O O O O 
O O O O O O O O O B-restaurant-area O O O 
O O O O O O O O O B-hotel-area B-hotel-stars O O 
O O O O O O 
O O O O B-hotel-stars O 
O O O O O O O O O O O O O O O O O 
O O O O O O O O O O O O O O O O O 
O O O O O O O O O O O O O O O O O O O O O O O O 
O O O O O O O O O O O O O O O O O O O O O O O O 
O O O O O O O O O 
O O O O O O O O O 
O O O O O O O O O O O O O 
O O O O O O O O O O O O O 
O O O O O O 
O O O O O O 
O O O O O O O O O O O O 
O O O O O O O O O O O O B-hotel-area O O O 
O O O O 
O O O O B-hotel-bookpeople O O B-hotel-bookstay O O B-hotel-bookday 
O O O O O O O O O O O O O O O O 
B-hotel-parking O O O O O O 
O O O O O O O O O O 
O O O O O O O O 
O O O O O O 
O O O O O O O O O O O B-restaurant-area O O O O 
O O O O O 
O O O O O O O 
O O O O O O O O O O O O O O O O O O O O O O 
O O O O O O O O O 
O O O O O B-restaurant-pricerange O O O O O O 
O O O O O O O O O O O O 
O O O O B-restaurant-pricerange O O O B-restaurant-area O O O 
O O O O O O 
O O O O O O O O O O B-restaurant-area O O O 
O O 
O O O O O O 
O O O O O O O O O O O O O 
O O O O O O O O O O O O O O O O O O O O O O O B-hotel-name O O O O O O O 
O O O O O O O O O O O O O B-hotel-name O B-hotel-bookpeople O O B-hotel-bookpeople O O B-hotel-bookday 
O O O O B-hotel-bookstay O O O B-hotel-bookpeople 
O O O O O O O O 
O O O O O O O O O O O O O O B-hotel-bookstay O O O B-hotel-bookday 
O O O O B-hotel-bookstay O O 
O O O O O O O O 
O O O O O O O O O O 
O O O O 
O O O O O O O O O O 
O O O O O O B-hotel-area O O O O O O O O O O O O O O O O O B-hotel-pricerange O 
O O O O O O O O O O O O O O O O O O O O 
O O O O O O O O O O O O O O 
O O O O O O O O O O O O B-restaurant-food O B-restaurant-pricerange O 
O O O O O O 
O O O O O O O O O 
O O O O O O B-restaurant-bookpeople O B-restaurant-bookday O B-restaurant-booktime O O O O O O O O O O O O O O O O O O O 
O O O O O O O O O O O O O O O O O O O O O O 
O O O O O O O O O O O O O B-restaurant-booktime 
O O O O O O O 
O O O O O O O O O O O O O O O O O O O O 
O O O O O O O O O O O O O O O O O O O O 
O O O O O O O O O O O O 
O O O O O 
O O O O O O O O O O O O O O O O O O O O O O O 
O O O O O B-hotel-pricerange O B-hotel-stars O O O O O O O O 
O O O O O B-hotel-area O 
B-hotel-internet O O O O O O O O O B-hotel-bookpeople O O O O O O O O B-hotel-bookstay O O O B-hotel-bookday 
B-hotel-internet O O O O O O O O O O O O O 
O O O O O 
O O O O O O O O O O O O O 
O O O O O O O O O O O O O O O O 
O O O O O O O O O O O O O O O O O O O 
O O O O O O O 
O O O O O O O O O O O O O O O O O O O O O O O O O O O O O O O 
O O O O O O O O O B-hotel-area 
O O O O O O O O B-hotel-bookpeople O O B-hotel-bookstay O O O B-hotel-bookday O O O O O O 
O O O O O 
O O O O O O O O B-restaurant-food O O B-restaurant-area 
O O O O O O B-restaurant-pricerange O O 
O O O O O B-restaurant-food O O O O 
O O O O O O O O O O 
O O O O O O O O O O 
O O O O O O O 
O O O O O O O O O O O O O O O O 
O O O O O O O O O O O O O O O O O O O O O O 
O O O O O O O O O O O O 
O O O O O O O O O 
O O O O O O O O O O O O B-hotel-pricerange O O O O 
O O O O O O O O O O O O O O O O O O 
O O O O O O O O O O O O B-hotel-bookpeople O O O O O O B-hotel-bookpeople O O B-hotel-bookday 
O O O O O O 
O O O O O O O O O O O 
B-hotel-parking O O O O O O O 
O O O O O O O O O O O B-hotel-area O O O 
O O O O O O O O B-hotel-area O O O O O O O B-hotel-area O 
O O O O O O O 
O O O O O O O O O O O O O O O 
O O O O O O O 
O O B-restaurant-bookpeople O B-restaurant-booktime O B-restaurant-bookday O O O O O O O O O O O O O O O O O O O O O O 
O O O O O O O O O O O O O O O O O B-restaurant-booktime 
O O O O O 
O O O O O O O O O B-hotel-area 
B-hotel-internet O O O O O O O O O O O O O O O O B-hotel-pricerange O O 
O O O O O O O O B-hotel-area O O O O O O O B-hotel-stars O O O O O B-hotel-pricerange O O 
O O O O O O O O O O O B-hotel-bookday 
O O O O O B-hotel-bookstay O 
B-hotel-parking O O O O O O O O 
O O O O O O O O O O O O O O O O 
O O O O O O B-hotel-bookday O O O O O O O O O O 
O O O O O O O 
O O O O O 
O O O O O O O O O 
O O O O O 
O O O B-restaurant-pricerange O O O 
O O O O O O O O B-restaurant-area O O O O B-restaurant-pricerange O O 
O O O O O O O O O B-restaurant-bookday 
O O O O O O O O O O O O O O O O O O 
O O O O O 
O O O O O O O O B-hotel-area O O 
B-hotel-pricerange O O O O O O O O O 
O O O O O 
O O O O O O O O O 
O O O O O O O O O O O O 
O O O O 
O O O O O O O 
O O O O O O O O O O O O 
O O O B-hotel-bookpeople O O B-hotel-bookday O B-hotel-bookpeople O 
O O O O O O O O O O O O O O O 
O O O O O O O O O B-hotel-area 
O O O O O O O O O B-hotel-stars O O O B-hotel-area 
O O O O O O B-hotel-area 
O O O O O O O O B-hotel-bookpeople O O B-hotel-bookstay O O B-hotel-bookday 
O O O O O O O O O O B-hotel-bookday O O O O O O O O O O O 
O O O O O O O O O O O O 
O O O O O O O O O O O O O 
O O O O O O O O O O 
O O O O O O O B-hotel-type O O 
O O O O B-hotel-type O O O O O B-hotel-type O O O O B-hotel-area 
O O O O 
O O O O 
O O O O O O O O O O O 
O O O O O O O O O O O O O O O O O O O O O O O O O O 
O O O O 
O O O O O O O O O O O O O O O 
O O O O O O O O O 
O O O O O O O O O B-restaurant-area 
O O O O O O B-restaurant-food O O O O O O O O O O O O O O O O O O O O 
O O O O O O O O O O O O O O O 
O O O O O O O O O 
O O O O O O O O 
O O O O O 
O O O O O O O O O O O O O O O O O O O O O O 
O O O O O O O O O O O O 
O O O O O O O O O O O O O O O O O O O O 
O O O 
O O O O O O 
O O O O 
O O O O O B-restaurant-pricerange O O O B-restaurant-area 
O O O B-restaurant-food O O O O O O O O O O O O O O O 
O O O O O O O O O O O O O 
O O O O O O O O O O 
O O O O O O O O O O O O 
B-hotel-bookpeople O O O O B-hotel-bookstay O O O B-hotel-bookday 
O O O O O O O O B-restaurant-pricerange O O 
O O O O O O O O O O O 
O O O O O B-restaurant-area O O O O O O B-restaurant-area 
O O O O O O O O O O O O O 
O O O O O O O O O O O O O O O O O O O O O O O O O O O 
O O O O O O O O O O O O O O O O O O O O O O O O O O O 
O O O O O O O O O O O O O O O 
O O O O O O O O O O O O O O O 
O O O O O 
O O O O O 
O O O O O O O 
O O O O O O O 
O O O B-restaurant-pricerange O O O O O B-restaurant-area 
O O O O O O B-restaurant-food O O O O O O O O O O O O O O 
O O O O O O B-restaurant-food O 
O O O O O O O O B-restaurant-food O O O B-restaurant-area O O 
O O O O O O 
O O O O O O O O O 
O O O O O O O O 
O O O O O O 
O O O O O O O 
O O O O O O O O O O O O O O O 
O O O O O O O O O O O O 
O O O O O O O O O O O O O O O O O O O O O O 
O O O O O O O O O O O 
O O O O O O O O O O 
O O O O O O O O O O O O O O O O O 
O O B-restaurant-food O O 
O O O O B-restaurant-food O 
O O O O O O 
O O O O O O O O B-restaurant-bookpeople O B-restaurant-bookday O B-restaurant-booktime O O O O O O O 
O O O O O O O O O 
O O O O 
O O O O O O O B-hotel-pricerange B-hotel-type 
O O B-hotel-pricerange O O 
O O O O O O O O B-hotel-bookpeople O O B-hotel-bookstay O O O B-hotel-bookday 
O O O O 
O O O O B-hotel-type O O O 
B-hotel-parking O O O O O O O O B-hotel-area O O O B-hotel-pricerange O O 
B-hotel-parking O O O O O O O O O O O O O 
O O O O O O O O O 
O O O O O O O 
O O O O O O B-restaurant-pricerange B-restaurant-food O O O 
O O O O O O O O O O O O 
O O O O O O O O O O O O O O O O O O O 
O O O O O O O O O O O O O O O O B-restaurant-area O O 
O O O O O O 
O O O O O O O O O O O O O O O O 
O O O O O O O O O O O O O O O O O O O O O O O 
O O O O O O O O O O O O O O O O O O O O O O 
O O O O O O O O O O 
O O O O O O B-restaurant-food O O O B-restaurant-area O 
O O O O O O O B-restaurant-bookpeople O B-restaurant-bookday O B-restaurant-booktime O 
O O O O O O O O O O O O 
O O O O O O O O O O O O O O 
O O O O O O O O O 
O O O O O O O O B-restaurant-bookpeople O O O O 
O O O O O O O 
O O O O O O 
O O O O O O O O O B-restaurant-area O O O O O O O O B-restaurant-food O 
O O O O O B-restaurant-food O O 
O O O O O O O O 
O O O O O 
O O O 
O O O O O O O O O O 
O O O O O O O O O O O O B-hotel-stars O 
O O O O O B-hotel-area O O O 
B-hotel-internet O O O O B-hotel-bookpeople O B-hotel-bookday O O O O O B-hotel-bookstay O O O O 
O O O O O O O O O O O O O O 
B-hotel-internet O O O O B-hotel-area O O O O 
O O O O O O O B-hotel-area O O O O O O O O O O 
O O O O O O O O 
O O O O O O O O O B-hotel-pricerange O O O B-hotel-stars O O 
O O O O O O O O O O O O O O O O 
O O O O O O O B-hotel-area 
O O O O O 
O O O O O O O O O O O O O B-restaurant-pricerange O O O O O 
O O O O O O O O O O O O O B-hotel-pricerange O O O O O 
O O B-restaurant-area O O O O B-restaurant-bookpeople O O B-restaurant-booktime O B-restaurant-bookday 
O O B-hotel-area O O O O O O O O O O 
O O O O B-restaurant-area O 
O O O O O O 
O O O O B-restaurant-bookpeople O O B-restaurant-booktime O B-restaurant-bookday O O O O O O O O O O O O O O O O O O O O O 
O O O O O O O O O O O O O O O O O O O O O O O O O O O O O O O 
O O O O O 
O O O O O 
O O O O O O O O O 
O O O O O O O O O 
O O O O O B-hotel-stars O O O O O O O O B-hotel-area O 
O O O O 
O O O O O O O O O O O B-hotel-bookday O B-hotel-bookpeople O O B-hotel-bookstay O 
O O O O O O O 
O O O O O O O O O 
O O O O O O O O O 
O O B-restaurant-food O O O 
O O O O O B-restaurant-pricerange O 
O O O O O O O 
O O B-restaurant-bookpeople O B-restaurant-booktime O B-restaurant-bookday O O O O O O O O 
O O O O O O O O O O O O O O O 
O O O O O O O O 
O O O O O O O O 
O O O O O O O O O O O O O O O B-restaurant-pricerange O O 
O O O O O O O O O O O O B-hotel-type O O B-hotel-pricerange O O 
O O O O O O O O O O 
O O O O O O O O O O 
O O O O O O O O B-restaurant-bookpeople O O B-restaurant-bookday O O O O O O O 
O O O O O O O O B-hotel-bookpeople O O B-hotel-bookday O O O O O B-hotel-bookstay O 
O O O O O O O O O O O O O O 
O O O O O O O O O O O O O O 
O O O O O O O B-restaurant-booktime 
O O O O O O O O 
O O O O O O O 
O O O O O O O 
O O O O O O B-hotel-name O O O O O O O O 
B-hotel-internet O O O O O O 
O O O O O O O O O O O O O O O O O O O O O O O O O 
B-hotel-internet O O O O O 
O O O O O O O 
O O O O O O O O O O O O O O 
O O O O O O O O B-restaurant-bookpeople O O B-restaurant-bookday O 
B-restaurant-booktime O O O 
O O O O O O O O B-restaurant-bookday O O O O 
O O O O O O O O O O O O O 
O O O O O O O O O O O O O O O O O O 
O O O O O O O O O O O O O 
O O O O O O O O 
O O O O O O O O 
O O O O O O O O O 
O O O O O B-hotel-type O O O O O O O O O 
O O O O O B-hotel-stars O O 
O O O O O O O O B-hotel-bookstay O O B-hotel-bookday O O B-hotel-bookpeople O O 
O O O O O O O O O O O B-restaurant-area O O O B-restaurant-pricerange O 
O O O O O O O O O O O O O O O O O 
O O O O O B-restaurant-food O 
O O O O O O O 
O O O O O O O 
O O O O O O O 
O O O O O O O O O O O O 
O O O O O O O B-hotel-type O O O O 
O O O O O O O O O O O O O O O O O O O O O O O O 
O O O O O O O O O O O O O O O O O O O O O O O O 
O O O O O O O O 
O O O O O O O O 
O O O O O O O O O O O 
O O O O O O O O 
O O O O O O O B-hotel-area O O O O O B-hotel-stars 
O O O O O O O O O O O O O O O O O O O O O 
O O O O O O O O O O O O O O B-restaurant-pricerange 
O O O O O O O O O O O O O O O 
O O O O B-restaurant-bookpeople O O B-restaurant-booktime O B-restaurant-bookday 
O O O O O O O O O O 
O O O O O O O O O O 
O O O O O O O O O O 
O O O O O O O O O O O O O O O O O O O O B-restaurant-area O O O O B-restaurant-pricerange O 
O O O O O O O O O O B-restaurant-food O O 
O O O O O B-restaurant-bookpeople O O B-restaurant-bookday B-restaurant-booktime 
O O O O O O B-restaurant-booktime 
O O O O O O O O O O O O O O O O O O 
O O O O O O O O O O 
O O O O O O O O O O O O O O O 
O O O O O O O O O O B-restaurant-booktime O O O O O O O O O O O O 
O O O O O O O O O O O O 
O O O O O O 
O O O O O 
O O O O O O 
O O O O O O O O O B-hotel-area O O O 
O O O O O O O O O O O O O 
O O O O O O O O B-hotel-bookstay O O B-hotel-bookpeople O O B-hotel-bookday 
O O O O O O O O O O O O O O O O 
O O O O O O O O O O O O O O O 
O O O O O O O O O O 
O O O O O 
O O O O O O O O O O O O O B-restaurant-area O O O O O O O 
O O O O O O O O O O O O O B-hotel-area O O O O O O O 
O O O O O O O O O O O O 
O O O O O O O O O O O O 
O O O O B-restaurant-bookpeople O O B-restaurant-booktime O B-restaurant-bookday O O O O O O 
O O O O O O O O O O O O O O O O 
O O O O O 
O O O O O 
O O O O O O O O O 
O O O O O O O O O 
O O O O O O O B-restaurant-food O 
O O O O O O O O O O B-restaurant-area O O 
O O B-restaurant-food O 
O O O O O O O O O O 
O O O O O O O O O O O 
O O O O O O O O O O O O O O O O O O O O 
O O O O O O O O O O O O O O O O O O 
O O O O O O O O O O 
O O O O O O O O O O O O O O O O O O O O O O O O O O 
O O O O O O O O O O O B-restaurant-pricerange O O 
O O O O O O O O B-restaurant-pricerange O O O B-restaurant-area O O 
O O O O O O O O O O O O O O O 
O O O O O O O O O 
O O O O O O O O 
O O O O O O O O O O 
O O O O O O O O O O O O O 
O O O O O O O O O O 
O O O O O O 
O O O O O O O 
O O O O O O O O O B-restaurant-food O O O B-restaurant-pricerange O O 
O O O O B-restaurant-food O O O O O O 
O O O O O O B-restaurant-bookpeople O B-restaurant-booktime O O O O O 
O O O O O 
O O O O O O O O O O O O O O O 
B-hotel-internet O O O O O O O O O O O O O O O O O O O 
O O O O O O O O O B-hotel-area O 
O O O O O O O O 
O O O O O O O O O O O O O O O O O O B-restaurant-pricerange O O 
O O O O O B-restaurant-food O 
O O O O O O O 
O O O O O O O O O O O O O O O O O O O O B-restaurant-bookpeople O B-restaurant-bookday O B-restaurant-booktime 
O O O O O O O O O O 
O O O O O O 
B-hotel-internet O O O O B-hotel-stars O B-hotel-type O O O O 
O O O O O O O O O O O 
O B-hotel-stars O O O O O O O O O O O O O O O O B-hotel-area O 
O O O O O O O O 
O O O O O O O O O 
O O O O O O O O B-restaurant-area O O O 
O O O O O B-restaurant-pricerange B-restaurant-food O O O 
O O O O O O B-restaurant-food O O O 
O O O O O O O O O O O O O O 
O O O O O O O O O O 
O O O O O B-hotel-type O O O O O O O O O O O O O 
O B-hotel-name O O O O O O 
O O O O O O O O O O O O O O O 
O O O O O O O O O O O B-restaurant-pricerange O O O B-restaurant-food O 
O O O 
O O O O O O B-restaurant-bookpeople O O B-restaurant-booktime O O 
O O O O O O O O O O O O O O O O O O O O O O O O O O 
O O O O B-hotel-stars O O O O B-hotel-pricerange O O 
O O O O O O 
O O O O O O B-hotel-type 
O O O O O B-hotel-pricerange O O 
O O O O O O O O O O B-restaurant-name 
O O B-restaurant-bookpeople O O B-restaurant-booktime O B-restaurant-bookday O 
O O O O O O O O O O O O O O O O O 
O O O O O O O O O O O O O O 
O O O O O O O O O O O O O O O O O 
O O O O O O O O O B-hotel-type O O O 
O O O O O O O O O O O O O 
O O O O O O B-hotel-area O O 
O O O O O O O O O O O 
O O O O O O O O O O O O O O O B-hotel-bookpeople O O O B-hotel-bookday O B-hotel-bookstay O 
O O O O O O O O O O 
O O O O O 
O O O O O O 
O O O O O O 
O O O O O O O B-hotel-type O O O O O O O O O 
O O O O O O O O O O B-hotel-stars O O 
O O O O B-hotel-type O 
O O O O O O O O O O 
O O O O O O 
O O O O O O O O O O O O O O O O O O O O O O O O O O 
O O O O O O O O O 
O O O O O O O O O 
O O O O O O 
O O O O O O B-restaurant-pricerange B-restaurant-food O O O O 
O O O O O O 
O O O O O O O O O O O O O O O O O O O O 
O O O O O O O O O 
O O B-restaurant-food O O O O O O O O O O B-restaurant-area O O 
O O O O O O O O O B-restaurant-bookpeople O O B-restaurant-bookday O B-restaurant-booktime O O O O O O O O O 
O O O O O O O 
O O O O O O O O O 
O O O O O O O O 
O O O O O O B-hotel-bookday O B-hotel-bookpeople O O B-hotel-bookstay O 
O O O O O O 
O O O O B-hotel-bookstay O O O O 
O O O O O O O O O O O O O O O O 
O O O O O O O O O 
O O O O O O O O B-hotel-bookpeople O O O O O O O O O O 
O O O 
O O O O O O 
O O O O O O B-restaurant-food O O O B-restaurant-area O O O 
O O O O O O O O O O O O 
O O O O O O O O 
O O O O O O O 
O O O O O O O 
O O O O O O O O O O 
O O O O O O B-restaurant-food O O B-restaurant-pricerange O O 
O O O O O O O O O O O O O 
O O O O O O O O O O O O O 
O O O O O O O O O O O 
O O O O O O O 
O O O O O O O O O O O O O O 
O O O O O O O O O B-restaurant-name O O O O O O O O O O O O O O O O O O O O 
O O O O O O O O O O 
O O O O O O B-restaurant-pricerange O O O O O B-restaurant-food O 
O O O B-restaurant-food O O 
O O O O O O O O O O B-restaurant-bookpeople O O B-restaurant-bookday O O O O O O O 
O O O O O O O O O O 
O O O B-restaurant-booktime 
O O O O O O O O O O O O O O O O O O O 
O O O O O O O B-restaurant-bookpeople O O O O O O 
O O O O O O O O O O O O O O 
O O O O O O O O O O O O O O O O O O O 
O O O O O O O O O O O 
O O O O O O O O O O O 
O O O O O O O O O O O O 
O O O O O O O O O O O O O O 
O O O O O O O O O O O O O O O O O O O O O 
O O O O O O O O O O O O O O O O O O O 
O O O O O O O O O O O O O O O O O O O O O O O O 
O O O O O O O O O O O O O O O O O O 
O O O O O O O O O O O 
O O O O O O O O O O 
O O O O 
O O O O O O O O O O O O O O 
O O O O O O O B-hotel-area O O O B-hotel-pricerange O 
O O O O O O O O O O 
O O B-hotel-type O O O 
O O O O O 
O O O O O O O O O O 
O O O O O O O B-restaurant-food O O O O B-restaurant-area O O 
O O O O O O O O O O O B-restaurant-bookpeople O B-restaurant-booktime O B-restaurant-bookday 
O O O O O O O O O O O O O O 
O O O O O O O O O O B-hotel-area O O O O O O O 
O O O O O O O O O O O B-hotel-type O O O O O 
O O O O B-hotel-type O O 
O O B-hotel-bookpeople O O B-hotel-bookpeople O O B-hotel-bookday O 
O O O O O O O B-hotel-type O O B-hotel-area O O O O 
O O O O O O O O O 
O O O O O O B-hotel-type O O B-hotel-area O O O O O O B-hotel-stars 
O O O O O O O O O O O O O O 
O O O O O O O B-hotel-type 
B-hotel-internet O O O O B-hotel-bookpeople O O B-hotel-bookday O B-hotel-bookpeople O 
O O O O O O O O O O O O 
O O O O O O O O B-restaurant-name 
O O O O O O O O O 
O O O O O O O O O O O O O O B-restaurant-booktime O O O O 
O O O O O O O O O O O O O O O O O O O 
O O O O O O O O O O O 
O O O O O O O O O O O 
O O O O O O O O O O O O O O O B-restaurant-pricerange 
O O O O O O O O O 
O O O O O O O O O O O O 
O O O 
O O O O O O O O O O O O 
O O O O O B-restaurant-pricerange O O O B-restaurant-area O 
O O O O O B-restaurant-food O 
O O O O O O O O B-restaurant-pricerange O O O O O O O O 
O O O O O O O O O O O O O O O O B-restaurant-area 
O O O O O O O O O O O O O O 
O O O O 
O O O O O O O O O O 
O O O O O O O O O O 
O O O O O O O O O 
O O O O O O O O O O 
O O O O O B-restaurant-pricerange O O O B-restaurant-area O O O O O 
O O O O O O O O O O B-restaurant-bookpeople O O B-restaurant-bookday O B-restaurant-booktime 
O O O O O O O O 
O O O O O O O O O 
O O O O O O O O O O O O O O O O B-hotel-bookpeople O O B-hotel-bookday O B-hotel-bookstay O O 
O O O O B-hotel-type O O O O O O O O O 
O O O O O O 
O O O O O O O O O O O 
O O O O O O O O O O O O O O O O O 
O O O O O 
O B-restaurant-bookday O B-restaurant-booktime O 
O O O O O O O O O O O O O O 
O O O O O O O O O 
O O O O O O O O O O O O O 
O O O O O O O O O O O O O O O O O O O O 
O O O O O O O O O O O O 
O O O O O O B-restaurant-food O O 
O O O O O O O B-restaurant-food O 
O O O O O O B-restaurant-name 
O O 
O O O O O O O O O O O O O O O B-hotel-type O O O O B-hotel-stars O 
O O O B-hotel-stars O O O O B-hotel-area O O O O B-hotel-pricerange B-hotel-type O 
O O O O O O O O O O O O O O O O 
B-hotel-parking O O O O O O O O O O O O O O O 
O O O O O B-hotel-type O O O O B-hotel-stars O O O O O O O O O O O O B-hotel-pricerange O O B-hotel-area O O O O 
O O O O O O O O O O O O O O O O O O O O O O O O O O O O O O O 
O O O O O O O O O O O O B-hotel-area B-hotel-pricerange O B-hotel-stars O O O O O 
O O O O O O O O O O O O O O O O O O O O O 
O O O O O O O O O O O O O O O O O O O O O O O O O O O 
O O O O B-hotel-bookstay O B-hotel-bookpeople O O B-hotel-bookday O O O O O O O O O O O O O O O O O 
O O O O O O O O O O O 
O O O O O O O O O O O 
O O O O O O 
O O O O O O 
O O O O O B-restaurant-food O O 
O O O O O O O O 
O O O O B-restaurant-pricerange O 
O O O O B-hotel-pricerange O 
O O O O O O O O O B-restaurant-bookpeople O O B-restaurant-bookday O B-restaurant-booktime 
O O O O O O O O O B-hotel-bookpeople O O B-hotel-bookday O O 
O O O O B-hotel-type O O O B-hotel-area 
O O O O O O O B-hotel-stars O O O O O O O O O O 
B-hotel-parking O O O B-hotel-pricerange O O 
O O O O O O O O O O O O O O O O 
B-hotel-parking O O O 
O O O B-restaurant-pricerange B-restaurant-food O O 
O O O O O O O O O B-restaurant-area 
O O O O O O O O O O O O O O O O O 
O O O O O O B-restaurant-bookpeople O O B-restaurant-booktime O B-restaurant-bookday 
O O O O O O O 
O O O O 
O O O O O O O O 
O O O O O O O O O O O 
O O O O O O O O O O O O B-restaurant-food O O O B-restaurant-area O O O 
O O O O B-restaurant-pricerange 
O O O O O B-restaurant-area O O 
O O O O O B-restaurant-food 
O O O O O O O O O O O O 
O O O O O O O O 
O O O O O O O O O O O B-hotel-area 
O O O O O O O O O O O O 
O O O O O O O O O O O O O 
O B-hotel-bookpeople O B-hotel-bookpeople O O O B-hotel-bookday O O O 
O O O O O O O O O O O 
O O O O O B-restaurant-food O O O O O 
O O O O O O O O O O O 
O O O O O O B-restaurant-name O B-restaurant-bookday O B-restaurant-bookpeople O O B-restaurant-booktime O 
O O O O O O O O B-hotel-bookday O O O O O O 
O O O O O O 
O O O O O O 
O O O O O O O O O B-restaurant-name O O O O O O O O O 
O O O O O O O O O O O O O O O O O O O 
O O O O O O O O O 
O O O O O O O O O 
O O O O O O O O O 
O O O O O O O O O O O O O O O 
O O B-hotel-type 
B-hotel-parking B-hotel-bookpeople O B-hotel-bookstay O O B-hotel-bookday O O O O 
O O O O O 
O O O O O O 
O O O O O O O O B-restaurant-area O O O O O 
O O O O O O B-restaurant-pricerange O O O 
O O O O O O B-restaurant-bookpeople O O B-restaurant-booktime O B-restaurant-bookday 
O O O O O O O O O O O O O O O O O 
O O O O O O 
O O O O O O O O O O O O B-hotel-pricerange O O O O O 
O O O O B-hotel-stars O O O O O O O O B-hotel-stars O 
O O O O O O O B-hotel-area O O O 
O O O O B-hotel-area O O O 
O O O O O O O O O O O O O O O O O O O O 
O O O O O 
O O O O O O O O O O O O O O 
O O O O O O O O O 
O O O O O O O O O 
O O O O O O O O O O O 
O O O O O O O O O O 
O O O O O O O O O O O O O O O O O O 
O O O O O O O O 
O O O O O O O O O 
O O O O O O O O O B-restaurant-name 
O O B-restaurant-bookpeople O O B-restaurant-booktime O O B-restaurant-bookday O O O O O O 
O O O O O O O O O O O O 
O O O O O O B-restaurant-bookday O B-restaurant-booktime O B-restaurant-bookpeople O O O B-restaurant-name O O O O O O O O 
O O O O O O O O O O O O O O O B-restaurant-name O B-restaurant-booktime O O O O O O O O O O 
O O O O O O O O O O O O 
O O O O O O O O B-restaurant-name O 
O O O O O O O O B-restaurant-bookpeople O B-restaurant-booktime O B-restaurant-bookday O O O O O O O O O O O 
O O O O O O O O O O O O O 
O O O O O O O O O O O O 
O O O O O O O O O O O O O O O O O O O 
O O O O O O O O O O O O O O O O O 
O O O O O O O O O O O O 
O O O O O O O O O O O O O O O O O O O 
O O B-restaurant-food O O 
O O O O O O O O O O O O O O O O O O O O O O O O O O 
O O O O O O O O 
O O O O O O O O O B-hotel-stars O O O O B-hotel-area 
O O O O O O B-hotel-pricerange O 
O O O O O O O O O 
B-hotel-parking O O O O O O O O O O O O O O O 
O O O O O O O O O O O O B-hotel-area 
O O O O O O O O O O O O O 
B-hotel-parking O O O O O O O O O O 
O O O O O O O O O O O O O 
O O O O O O 
O O O O O O O O O O O O 
O B-hotel-bookpeople O O B-hotel-bookpeople O O B-hotel-bookday O O O O O 
O O O O O O 
O O O O O O O O O O O 
B-hotel-internet O O O 
O O O O 
O O O 
O O O O O O O O O O O O O O O O O O O O O O O O O O O O O 
O O O O O B-hotel-bookpeople O O B-hotel-bookstay O O O B-hotel-bookday 
O O O O O O O O O O O O O O O O O O 
O O O O O O O O O O O 
O O O O O O 
O O O O O O O 
O O O O O O O 
B-hotel-internet O 
O O O O O O O O O O O O 
O O O O B-hotel-type O O O O 
O O O O O O O O O O O O B-hotel-stars O O O O O 
O O O O O O O B-hotel-stars O O O O O 
O O O O O O 
O O O B-hotel-bookstay O O B-hotel-bookpeople O O O B-hotel-bookday O O O O 
O O O O O O O O O O O O O O O O O O O O 
O O O O O O O O O O O O O 
O O O O O O O O O O O O O 
O O O O O O O O O 
O O O O O O 
O O O O O O O O O O O O O 
O O O O O O B-restaurant-area O O O B-restaurant-food O O 
O O O O O O 
O O O O O O 
O O O O O O O O O O O O O O O O O O B-restaurant-pricerange O 
O O O O O O O O O O O O O O O O O O O O 
O O O O O O O O O O O O O O O O O O O O O O 
O O O O O O O O O O O O 
O O O O O O O O O O O O O O O O O O O O O O O O O O O 
O O O O O B-hotel-type O O O O O B-hotel-pricerange O O 
O O O O O O O O B-hotel-bookday O B-hotel-bookstay O O B-hotel-bookpeople O 
O O O O O O O O O O O O O O O O O O O O 
O O O O O O O O O O O B-hotel-type O O O O O O O 
O O O O O O O O B-hotel-bookpeople O O B-hotel-bookday O O B-hotel-bookstay O 
O O O O O O 
O O O O O B-restaurant-pricerange B-restaurant-food O O 
O O O O O B-restaurant-area O O O O O O 
O O O O O O O O O B-restaurant-bookpeople O O B-restaurant-booktime O B-restaurant-bookday 
O O O O O O O B-restaurant-bookday 
O O O O O O O 
O O B-restaurant-bookpeople O O O O O 
O O O O O O O O O O O O O O O O O O O O O 
O O O O O 
O O O O O O O O O O O O O 
O O O O O B-restaurant-pricerange O O O B-restaurant-area O O O O O O O O O O O O O 
B-restaurant-food O O O O O O O O O O O 
O O O 
O O O O O O O O O O O O O 
O O O O O O O O O O O O O O O O O O O 
O O O O O O O O O O O O 
O O O 
O O O O O O B-restaurant-food O O O O O O O O O O O O O O O O O 
O O O O O O O O O O O O O O O O O O O O O O O 
O O O O O O O O B-restaurant-food O O O O O B-restaurant-area O O O 
O O O O O O 
O O O O O O O O O O O O 
O O O O O O O 
O O O O O O O O O 
O O O O O O O B-hotel-type O O O O 
B-hotel-internet O O O O O O B-hotel-bookpeople O O B-hotel-bookstay O O O B-hotel-bookday 
O O O O O O 
O O O O O O B-hotel-stars O B-hotel-type O O B-hotel-area 
O O O O O O O O O O O O 
O O O B-hotel-pricerange O O O O B-hotel-area 
O O O O O O O O O 
O O O B-hotel-type O O O O O O O O 
O O O O O 
O O O B-hotel-type O B-hotel-stars O B-hotel-type 
O O O O O O O O 
O O O O O O O O O O O O O O 
O O O O O O O O O O O B-hotel-type 
O O O O O O O O O O O O 
O O O B-restaurant-food O O O O O O O O O O O O 
B-hotel-parking O O O O O O O O O O O O O O B-hotel-type 
O O O O O O O 
O O O O O O O 
O O O O O O O O 
O O O O O O O O 
O O O O O O O O O O O O O O 
O O O O O O O O O O O O O O 
O O O O O O O O O 
O O O O O O B-hotel-type O O 
O O O O O O O O O O O O O O O 
O O O O O O O O O O O O O O B-hotel-type 
O O O O O O O O O O O O 
O O O O O O O O O O O O 
O O O O O O O O O O O O O O O O O O 
O O O O O O O O B-restaurant-bookpeople O O B-restaurant-booktime O B-restaurant-bookday O O O O O O O O 
O O O O O O O O O O O O O O O O O O O 
O O O O O O O O 
O O O O O O O O 
O O O O O O O O O O O 
O O O O O O O O 
O O O O O O O 
O O O O O O O O 
O O O O O O O O O O O O O O 
O O O O O O O O O O O O O O O O 
O O O O O O O O O O O 
O O O O O O O B-hotel-stars O O O O O 
O O O O O O B-restaurant-pricerange O O O B-restaurant-area O O B-restaurant-food 
O O O O O O 
O O O O O O O O O O O O O O 
O O O O O O O B-restaurant-pricerange O O B-restaurant-food O O O B-restaurant-area 
O O O O O O O O B-restaurant-bookpeople O O B-restaurant-booktime O B-restaurant-bookday O O O O O 
O O O O O O O O O O O O O O O O O O O 
O O O O O O O O 
O O O O O O O B-restaurant-area O O O B-restaurant-pricerange O O 
O O O O O O O O O O O O O O 
O O O O B-restaurant-food O 
O O O O B-restaurant-name O O O O O O O B-restaurant-bookpeople O B-restaurant-booktime O B-restaurant-bookday O O O O O O O O 
O O O O O O O O O O O O O O O O O O O O O O O O O 
O O O O O O O O O O O O O O O O O O O O O 
B-hotel-parking O O O O O O O O O O O O O O O O O O O O 
O B-restaurant-bookpeople O O O O O O O O O O 
O B-hotel-stars O O O O O O O O O O 
O O O O O O 
O O O O B-hotel-stars O 
O O O O B-restaurant-bookday O B-restaurant-bookpeople O B-restaurant-bookpeople O 
B-hotel-parking O O O B-hotel-bookday O B-hotel-bookpeople O B-hotel-bookpeople O 
O O O O O 
O O B-hotel-bookstay O O 
O O O O O O O O O O O 
O O O O O O O O O O O 
O O O O O O O O O O O O 
O O O O O O O O O O O O 
O O O B-hotel-type O O B-hotel-pricerange O 
O O O O O O O O O B-hotel-type O O O O O 
B-hotel-parking O O O O O B-hotel-bookpeople O O O O O O B-hotel-bookstay O O O B-hotel-bookday 
O O O O O O O O O 
O O O O O O O B-restaurant-food O 
B-restaurant-food O 
O O O O O O O O O O O B-restaurant-name O O B-restaurant-area O 
O O O 
O O O O O O O O O O O O O 
O O O O O O O 
O O O O O O O O O O O O O O 
O O O O O B-hotel-bookstay O O O B-hotel-bookday O O O 
O O B-hotel-bookpeople O O O B-hotel-bookday 
O O O O O 
O O O O O O O O B-restaurant-pricerange O O 
O O O O O O O O O O O O O O O B-restaurant-bookpeople O B-restaurant-booktime O B-restaurant-bookday 
O O O O 
O O O O O O O O 
O O O O O O B-hotel-pricerange B-hotel-type O O O O O 
O O O O O O O O O O O O O 
B-hotel-parking O O O O O B-hotel-type O O B-hotel-stars O O 
O O O O O 
O O O O O O O O O O 
O O O O O O O O O O O O O O O O O O O O O O B-restaurant-food O 
O O O O O O O O O O O O O O O O O O B-hotel-type O O O O O 
O O O B-restaurant-area 
B-hotel-internet O O O 
O O O O O O O O O B-restaurant-area O O B-restaurant-food O 
O O O O O O O O O O O O O O 
O O O O O O O O O O O O O 
O O O O O O O O B-hotel-type O O O O 
O O O B-restaurant-bookday O B-restaurant-booktime 
O O O O O O 
O O O O O O O O 
O O O O O O O O 
O O O O O 
B-hotel-parking O O O O 
O O O O O O O O O 
O O O O O O O B-hotel-bookstay O O B-hotel-bookday O O O B-hotel-bookpeople O 
O O O O O O O O O O O O O O O 
O O O O O O O 
O O O O O O O O O B-hotel-bookday 
O O O O O O O 
O O O O O O O O O O O O O O O O O O O O O 
O O O O O O O O O B-hotel-bookpeople O O O O O O O O O B-hotel-bookday 
O O O O O O O O O O O O O O O O O 
O O O O 
O O O O O O O O O 
O O O O O 
B-hotel-parking O O O O B-hotel-bookstay O O B-hotel-bookday O B-hotel-bookpeople O 
B-hotel-parking O O O O O O 
O O O O O O O 
O O O O O O 
O O O O O O O O O O 
O O O O O B-restaurant-food O O O B-restaurant-area O O 
O O O O O O B-restaurant-food O 
O O O O O O B-restaurant-bookday O O B-restaurant-bookpeople O O B-restaurant-booktime O 
O O O O O O O B-restaurant-food O O 
O O O O O O O O 
O O O O O O O 
O O O O O O O O O B-hotel-type O O O O 
O O O O O O O O O O O O O 
O O O O O O O O O O O O O O O O 
O O O O 
O O O O O O O O O O O O O O O 
B-hotel-internet O O O O O O O O O O O O O O 
O O O O O O O O O B-restaurant-bookpeople O O B-restaurant-booktime O B-restaurant-bookday 
B-hotel-internet O O O O O O O O O O O O O O 
O O O O O O O O 
O O O O O O O O 
O O O O O O O O O 
O O B-restaurant-food O 
O O O B-restaurant-food O 
O O O O O O O O O O O O O 
O O O O O O O O O O O O O O O O O O O O O O O O O O O O O O 
O O O O O O O O O 
O O O O O O O O O 
O O O O O O O 
O O O O O O O O O O O O O O O O O O O O O O 
O O O O O O O O 
O O O O O O O B-restaurant-food O O O O O O O 
O O O O O O O 
O O O O O O O B-restaurant-booktime O B-restaurant-bookday O O B-restaurant-bookpeople O O O O 
O O O O O O O 
O O O O O O O O O O O O O O O O 
O O O O O O O O O O O O O O O 
O O O O O O O O O O O O O O O B-restaurant-food O O 
O O O O O O O O 
O O O O O O O O 
O O O O 
O O O O O O O 
O O O O 
O O O O B-restaurant-food O O O O O 
O O O O O O O O O O 
O O O O O O O O O O O O 
O O O O O O O O O O O O 
O O O O O O O 
O O O O O O O 
O O O O O O O O O B-restaurant-bookpeople O O B-restaurant-booktime O B-restaurant-bookday 
O O O O O O O O O O O O O O O O O O 
O O O O B-hotel-pricerange B-hotel-type O O B-hotel-stars O O O O O O O O O 
O O O B-restaurant-pricerange O O 
O O O B-hotel-pricerange O O 
O O O O O O O O O O O O 
O O O O O O B-hotel-pricerange B-hotel-type O O O O 
O O B-restaurant-pricerange O O O O O O 
O O B-hotel-pricerange O O O O B-hotel-stars O 
O O O O O O O O O O 
O O O O O O O O O O 
O O O O O O O O 
O O O O O O O O 
O O O O 
O O O O 
O O O O O O O O O B-hotel-area O O O 
B-hotel-internet O O O O O O O O O O O O O O O 
O O O O O 
B-hotel-internet O O O B-hotel-bookpeople O O B-hotel-bookstay O O B-hotel-bookday 
O O B-hotel-bookpeople O 
O O O O O O O O O O O O O O 
O O O O O O O O O O O O O 
B-hotel-internet O O O O O O O B-hotel-bookpeople O B-hotel-bookstay O O O B-hotel-bookday 
O O O O O O O O O O O O 
O O O O O O O O O O O O O O O O O O O O O O O O 
O O O O O O O O O 
O O O O O O B-restaurant-food O O O B-restaurant-area O O O 
O O O O B-restaurant-food O O 
O O O 
O O 
O O O O O O O O O O O O O O O 
O O O O B-hotel-pricerange O O O O O O O O B-hotel-area 
O O O O O O O O O O O O O O 
O O O O O B-hotel-area 
O O O O O O 
O O O B-hotel-type O 
O O O O O O O O O O O O O O O B-restaurant-food O O O B-restaurant-area O O 
O O O O O O O O O O O O O O O O O O O B-hotel-area O O 
O O O B-restaurant-food O O O O O O O 
O O O O O O O O O O O 
O O O O O O O O O 
O O O O O O O O O 
O O O O O O O O 
O O O O O O O O 
O O O O O O O O O 
O O O O O O O O O 
O O O O O O O O O O O O O 
O O O O O O O O O B-hotel-area O O O O O O O O 
O O O O O O O O O B-hotel-stars O O O O O O O O O O 
O O O O B-hotel-stars O O O O O 
O O O O O O O 
O O O B-hotel-name O O O B-hotel-bookpeople O O B-hotel-bookstay O O O B-hotel-bookday 
O O O O O O O O O O O O O O O 
O O O O 
O O O O 
O O O O O O O O O O O O O O O O 
O O O O O O 
O O O O O O O O O O O O 
O O O O O O O O O O O 
O O O O O O O B-hotel-area O 
O O O O O O 
O O O O O O O O O O B-hotel-area O O 
O O O O O O O O O O O O O O 
O O O O O O O O O O O O O O O O O O O O O O 
O O O O O O O O 
O O O O O O O O O O O O O 
O O O O O O O O O O O O O O O O B-restaurant-pricerange B-restaurant-food O 
O O O O O O O O O O O O O O O 
O B-restaurant-pricerange O 
O O O O O O O O O O B-restaurant-booktime O B-restaurant-bookday O B-restaurant-bookpeople O 
O O B-restaurant-booktime 
O O O O O O O O O O O 
O O O O O 
O O O O O O O O O O O O O O O O O O O 
O O O O O O O O O O O B-hotel-area O O O O 
O O O O O O O B-hotel-area O O O O O O O O O 
O O O O O O O 
O O O O O O O O O 
O O O O O O O O O O O O O 
O O O O O O O 
O O O O O O O O O O O O O O O O O B-hotel-area O O O 
O O O O O O O O 
O O O O O O O B-hotel-stars O O 
O O O O O B-hotel-bookpeople O O B-hotel-bookstay O O O B-hotel-bookday 
O O O O O O O O O 
O O O O O O O O O O O 
O O O O O O O O O O O O O O O O O O O O O 
O O O O O O O O O O 
O O O O O O O O O O O O 
O O O O O O B-hotel-type O O O O O B-hotel-pricerange O O O O O O O O O 
O O O O B-hotel-type O O O O O B-hotel-bookstay O O O B-hotel-bookday 
O O O 
O O O O O O O O O O 
O O O O O O O O O O B-hotel-type O O O 
O O O O O O 
O O O O O O O 
O O O O O O O O O O O O B-hotel-stars O O O O 
O O O O B-hotel-stars O O O O O O 
B-hotel-parking O O O O O O O 
B-hotel-bookday O B-hotel-bookstay O O B-hotel-bookpeople O O 
O O O O O O 
O O O O B-hotel-area O O O O 
O O O O O O O B-hotel-type O O O O 
O O O O O O O O O O O O O O 
O O O O O O O B-hotel-pricerange O O 
O O O O O O O B-hotel-area 
O O O O O 
O O O O O O O B-hotel-bookpeople O O B-hotel-bookstay O O O O 
B-hotel-parking O O O O O O O O 
O O O O O O O O O O O 
B-hotel-parking O O O O O O O O O 
O O O O O O O O O O O 
O O O O O O O O O O O O O 
O O O O O O O O O O O 
O O O O O O O O O O O O O O O O O O 
B-hotel-internet O O B-hotel-bookpeople O O B-hotel-bookstay O O O B-hotel-bookday 
O O 
O O O O O O O O O O O O O O O O O O O O O 
O O O O O O B-restaurant-food O 
O O B-restaurant-food O 
O O O O O O O O O O O O O O 
O B-restaurant-bookday O 
O O B-restaurant-booktime 
O O O O O O O O O O O O 
O O O O O O O O O O O 
O O B-hotel-bookpeople O B-hotel-bookstay O O B-hotel-bookday 
O O O O 
O O O O O O O O O O O O B-restaurant-pricerange O O O O O O O B-restaurant-area 
O O O O O O O O O O O O B-restaurant-pricerange O O O O O O O B-restaurant-area O O O O O O O 
O O O O O O O B-restaurant-bookday O B-restaurant-booktime O B-restaurant-bookpeople 
O O O O O O 
O O O O O O O O O B-restaurant-pricerange O O O O O B-restaurant-area O O O O 
O O O O O O O O B-restaurant-bookpeople O B-restaurant-booktime O B-restaurant-bookday O O B-restaurant-food O 
O O O O O O O B-restaurant-booktime O O O 
O O O O O O O 
O O O O O B-hotel-pricerange O O O O O O O 
O O O O O O O O O 
O O O O O O O O O O O O B-hotel-bookpeople O O O O O B-hotel-bookstay O O O B-hotel-bookday 
O O O O O O O O O 
O O O O O O O O O O 
O O O O O O O O 
B-hotel-internet O O O O O O O O O 
O O O O O O O 
O O O O O O O O O O O O O O O 
O O O O O O 
O O O O 
O O O O O O O O O O O O O O O O O O O 
O O O O O B-hotel-stars O B-hotel-type O O O O 
O O O O O O O B-hotel-area 
O O O O O O O O O 
O O O O O O O O O O O O O O B-hotel-bookpeople O O B-hotel-bookpeople O O O B-hotel-bookday 
O O O O O O O O O O 
O O O O O B-restaurant-name O 
O O O O O O O B-restaurant-bookpeople O B-restaurant-booktime O B-restaurant-bookday 
O O O O O O O O O O O O 
O O O O B-restaurant-bookday O O O O O O 
O O O O O O O O O O O O O O O 
O O O B-restaurant-bookpeople O O O O O O O O 
O O O O O O O O O 
O O O O O O O 
B-hotel-parking O O O O O O O O O O O O O O O O O O B-hotel-stars O B-hotel-type B-hotel-area O O O O O O O O 
O O O O O O O O O O O O 
O O O O O O O O O O O O O O O 
O O O O O O O O 
O O O O O B-restaurant-pricerange O O O B-restaurant-area O O 
B-restaurant-food O O 
O O O B-restaurant-food O O 
O O O O O O O O O O O O O O 
O O O O 
O O O O O 
O O O O O O O O O B-restaurant-food O 
O O O O O B-restaurant-food O 
O O O B-restaurant-pricerange O O O 
O O O O O O O O O O O O O O O B-restaurant-bookpeople O O B-restaurant-booktime O B-restaurant-bookday 
O O O O O O O O O O O O 
O O O O O O O O O O O O O O O 
O O O O O O O O O O O O O O 
O O O O O O O O O O O O O 
O O O O O O O O B-hotel-pricerange O O O O O O O 
O O O O B-hotel-area 
O O O O O O O 
O O B-hotel-bookpeople O O B-hotel-bookpeople O O B-hotel-bookday 
O O O O O O O B-hotel-bookpeople O O B-hotel-bookstay O O 
O O O O O O O 
O O O O O O O O O O B-restaurant-area 
O O O O O O B-restaurant-food O 
O O O O O O O O O O O O O B-restaurant-bookday O B-restaurant-booktime 
O O O O O O O O O O O O O O O O O 
O O O O O O 
O O O O O O O O O 
O O O O O O O O O O O O O O O O O O O O O 
O O O O O O 
O O O O O O O O O O O 
O O O O O O O O 
O O O O O B-restaurant-pricerange O O B-restaurant-food O 
O O O O 
O O O 
O O O O O O O B-hotel-type O O B-hotel-area O 
O O O O O O O O O O O O 
O O O B-hotel-stars O 
O O O B-hotel-stars O B-hotel-type O O B-hotel-area 
O O O O O O O O O 
O O O O O O O B-hotel-bookpeople O O B-hotel-bookstay O O B-hotel-bookday O O O O O 
O O O O O O O O O O O O O O O O O O O 
O O O O O O B-restaurant-food O O O 
O O O O O O O O O O 
O O O O O O O O O O O 
O O O O O O O O O O O 
O O O O O O O O O O O O O B-restaurant-booktime O O O O O O O O O O O 
O O O O O O O O O O O O O O O O O O O O O O O O O 
O O O O O O O O O O O O O O O O O O B-restaurant-booktime 
O O O O O O O O O O O O O O O O O O O 
O O O O O O O O O O O O O 
O O O O O O O O O O O O O 
O O O O O O B-hotel-type O O B-hotel-pricerange O O O O O 
O O O O O O O O O O O O O O O 
O O O O O O O 
B-hotel-internet O O O O O O O B-hotel-bookpeople O O B-hotel-bookstay O O B-hotel-bookday 
O O O O O O O O B-restaurant-food O O O O O O B-restaurant-area 
O O O O O O O O O O O O O O O O 
O O O O O O B-restaurant-pricerange O 
B-hotel-internet O O O O O B-hotel-pricerange O 
O O O O O O O O O O 
O O O O O O O O O O 
O O O O O O O O O O O 
O O O O O O O O O O O 
O O B-restaurant-area O O O O O O O O O 
O O O O O O O O O O O O O O O O O O O O O O O O 
O O O O O O 
O O O O O O O O O O O O 
O O O O O O O O 
O O O O O O O O O O O O O O O O O B-hotel-pricerange 
O O O O O O O O O O O O O O B-hotel-stars 
O O O O O O 
O O O O O B-hotel-type O O O 
O O O O O O O O O 
O O O O O O 
O O O O B-restaurant-food O O O B-restaurant-pricerange O O 
O O O O O O O O 
O O O O O O O 
O O O 
O 
O O O O O O O O O O O 
O O O O O O O O O O O O O O O O O 
O O O O O O O O O B-hotel-area O O O B-hotel-pricerange O O O O O O 
O O O O 
O O O O O O O O O O O O O 
O O O O O 
O O O O O O O O O O O O O O O 
O O O O O O O O O 
O O O O O O O O O O O O O O O O 
O O O O O O O O O B-hotel-type O O B-hotel-pricerange O O 
O O O O O O B-hotel-area O 
O O O O O O O O O O O O O O O O O O 
O O O O O O O O O O O O O O O O O O O O O 
O O O O O O O O O O O O 
O O O O O B-restaurant-food O O O B-restaurant-area O O O 
O O B-restaurant-food 
O O O O O O O O 
O O O O O O O O 
O O O O O O O O 
O O O O O O O O O O 
O O O O O O O O O O O O O O O O O 
O O O O O O 
O O O O O O O O O O O O O O O O O O O O 
O O O O O O O O O O O O O O O O O O O O O O 
O O O O O O O O O O O O O O O O O O O O O O O 
O O O O 
O O O O O B-hotel-pricerange B-hotel-stars O O 
O O O O O B-hotel-area O O B-hotel-type 
O O O B-hotel-stars O B-hotel-type O O B-hotel-area O O O O B-hotel-pricerange O O O 
O O O O O O O 
O O O O O O O O O O O O 
O O O O O O O O O O O O O O O O O O O O O O 
O O O O B-hotel-type O B-hotel-type O O O O O O O B-hotel-pricerange O O O O O O O O O O O O 
O O O O O O O O O O O O O O O O O O O O O O O O O O O 
B-hotel-internet O O O O O O O O O O 
B-hotel-internet O O O O O O O O O B-hotel-type 
O O O O O O O O B-restaurant-area O O B-restaurant-food O O O O O O O O O O O O 
O O O O O O O O O O O O O O O O O O O O O O O B-hotel-type 
O O O O O O O O O O B-restaurant-bookday O B-restaurant-booktime O B-restaurant-bookpeople O 
O O O O O O O O O O O O O O O O 
O O O O O O O O O O O O O O O O O O 
O O O O O O O O O O O O O O O O O O 
O O O O O O O O O O O O O O O O O O O O 
O O B-hotel-type O O O O O O O O O O O O O O O O O 
O O O O O O O O 
O O O O O O O O 
O O O O O O O O O O B-restaurant-area O O O B-restaurant-food O 
O O O O O O O O O O O B-restaurant-pricerange O O 
O O O B-restaurant-food O 
O O O O B-restaurant-bookpeople O O B-restaurant-booktime O B-restaurant-bookday 
O O O O O O O O O O O O O O O O 
O O O O O O O 
O O O O O O O O O O O O B-restaurant-area O O O B-restaurant-food O 
O O O O O O B-restaurant-pricerange O O 
O O O O O 
O O O O O O B-restaurant-bookpeople O O B-restaurant-booktime O B-restaurant-bookday 
O O O O 
O O O O O O B-restaurant-food O O 
O O O B-restaurant-area O O O O O O B-restaurant-bookpeople O B-restaurant-bookday O B-restaurant-booktime 
O O O O O B-restaurant-booktime O B-restaurant-bookday 
O O O O O O O O O 
O O O O O O O O 
O O O O O B-restaurant-pricerange O O O B-restaurant-food O 
O O O O O O O 
O O B-restaurant-food O O O B-restaurant-pricerange O O 
O O O O O O O 
O O O O O O O O O O O O O 
O O O O O O O 
O O O O B-hotel-stars O O 
O O O O O B-hotel-pricerange O O 
O O O O O O O O B-hotel-bookpeople O O 
O O O O O B-hotel-bookday O O O O B-hotel-bookstay O O O O O O O O 
O O O O O O O O O O O 
O O O O O O 
O O O O O O O O O O O 
O O O O O O O O O O O O O O O O O O O O O 
O O O O O O O O O O O O O O O O O 
O O O O O O O O O O O O O O O 
O O O O O O O O O 
O O O O O O B-hotel-area O O O 
O O O O O O B-hotel-bookpeople O O O B-hotel-bookday O O O O B-hotel-bookstay O 
O O O O O O O O O O 
B-hotel-parking O O O O O O O 
O O O O O O O O O O O O O O O O O O O O O O O O 
O O O O O O O O O O O 
O O O O O O 
O O O O O O O O O O O O O O B-restaurant-area O O O O O B-restaurant-pricerange O O 
O O O O O O O B-restaurant-bookpeople O O B-restaurant-booktime O B-restaurant-bookday 
O O O O O O O O 
O O O O O O O B-hotel-name 
O O O O O O O B-hotel-bookpeople O O B-hotel-bookstay O O O B-hotel-bookday 
O O O O O O O O O O O O O 
O O O O O O O O O O O O O O O O O 
O O O O O O O O 
O O O O O O O O 
O O O O O O O O O O 
O O O O O O O O O 
O O O O O O B-hotel-area O 
O O O O O O O O O O B-hotel-bookpeople O O B-hotel-bookstay O O O B-hotel-bookday 
O O O O O B-hotel-bookstay O 
O O O O O O O O O O O O O O O O O 
O O O O O O O O 
O O O O O O O O O O O O O 
O O O O O O O O O O O 
O O O O O O O O O B-restaurant-booktime O B-restaurant-bookpeople O O B-restaurant-bookday 
O O O O O O O O O O O O O O O 
O O O O O O O O O O O 
O O O O O O O O O 
O O O B-restaurant-pricerange O O O O B-restaurant-area 
O O O O O O O 
O O O O B-restaurant-food O O O O O O O O O 
O O O O O O O B-restaurant-bookpeople O O B-restaurant-booktime O B-restaurant-bookday O 
O O O O O O O O O 
O O O O O O O O O O O O O O O 
O O O O O O O O O O O O O O O O O O O O O O O 
O O O O O O O 
O O O O O O O O O O O O 
O O O O O O O 
O O O O O O O O O 
O O O O O O O O O O O O O O O O O O O O O O 
O O O O O O O O O 
O O O O O O O O O O O O O O 
O O O O O O O B-restaurant-food O O O O O 
O O O O O O O O O B-restaurant-bookpeople O O B-restaurant-booktime O B-restaurant-bookday O O O O O O O 
O O O O O O O O 
O O O O O O O 
O O O O O O O O 
O O O O O O O O O O B-hotel-bookstay O B-hotel-bookpeople O O B-hotel-bookday 
O O O O O O O O O O O O O O O O 
O O O O O O O O O O O O B-restaurant-pricerange O O O O B-restaurant-food 
O O O O O O O O O O O O O O O O O O 
O O O O B-restaurant-food O 
O O O O O O 
O O B-restaurant-bookday O B-restaurant-booktime O B-restaurant-bookpeople O 
O O B-hotel-bookday O O O B-hotel-bookstay O 
O O O O O O O 
O O O O O O O 
O O O O O O O O O O O O O O O O O O O O O O O 
O O O O O B-hotel-bookpeople O O B-hotel-bookpeople O O O B-hotel-bookday 
O O O O O O O O O O O O O O O O O O 
O O O O O O O O O O O O 
O O O O O O O O O O O O O O O O O O O O O O O O O O O O 
O O O O O O O O O O 
O O O O O O O O O O B-restaurant-area 
O O O B-restaurant-food O 
O O O B-restaurant-bookpeople O O O B-restaurant-booktime O B-restaurant-bookday 
O O O O O O O O O O O O O O O O O 
O O O O O O O O O O O 
O O O O O 
O O O O O O O O O O O O O O O O 
O O O O O O O 
O O O O O O O B-hotel-type O O O O O O O O 
O O O O O O O O O O B-hotel-bookday B-hotel-bookpeople O B-hotel-bookstay O O O O O O O O O 
O O O O O O 
O O O O O O O O O O O O B-hotel-type O O O 
O O O O O O O O O O O B-hotel-pricerange B-hotel-type O O O O O O 
O O O O O O B-hotel-pricerange O O 
O O O O O O O O O O O 
O O B-hotel-bookday O B-hotel-bookpeople O O B-hotel-bookpeople O O 
O O O 
O O O O O 
O O O O O 
O O O O O 
O O O O O O O O O O O O 
O O O O O O O O O O O O O O O O O O O O O O O O O B-hotel-pricerange O O 
B-hotel-internet O O O O O O O O O O O 
B-hotel-internet O O O O O O O B-hotel-area 
O O O O O O O B-hotel-type O 
O O O O O O O O 
B-hotel-internet O O O O B-hotel-bookpeople O O O B-hotel-bookstay O 
O O O O O O O O 
O O O O B-hotel-stars O O O O O 
O O O O O O O O B-hotel-area O O O O O O O O O O O O O B-hotel-pricerange O O O O B-hotel-stars O O 
O O O O O O B-hotel-pricerange O O 
O O O O O O O O O 
O O O O O O O O O O O O B-hotel-stars O B-hotel-pricerange O O O O O O O 
O O O O O O B-hotel-bookpeople O O B-hotel-bookstay O O O B-hotel-bookday 
O O O O O O O O O O 
O O O O O O O O O O O O O O O O 
O O O O O O O O O 
O O O O O O O O O O O B-restaurant-area 
O O O O O B-restaurant-food O 
O O O O O O O O 
O O O O O O O O O B-restaurant-area O O O O O O O O O 
O O O O O O O O O O O O 
O O O O O O O O O O O O O O O O O O O O 
O O O O O O O O O O O O O O O 
O O O O 
O O O O O O O O B-hotel-type 
O O O O O B-hotel-type O O B-hotel-pricerange O O O O O O 
O O O O O O O O O O O O O O O 
B-hotel-parking O O O O O 
O O O O O O O O O 
O O O O O O O O O O O O O O O O O O O O O O O O O O O O O 
O O O O O O O O O O O O O O O O O O O O O O O O O O O O O 
O O O O O O O 
O O O O O O O 
O O O O O O B-restaurant-bookday O B-restaurant-booktime O B-restaurant-bookpeople O O O O O O O O O 
O O O O O O O O O O O O O O O O O O O O 
O O O O O O O O O O O 
O O O O O O O O O O O 
O O O B-restaurant-pricerange O O O B-restaurant-area O O O 
O O O O O O O O O O O 
O O O O O 
O O O O O O O O 
O O O O O O O O O 
O O O O B-hotel-type O O O O O O O O O 
O O O O O O O B-hotel-area O O O O O O O O O O O O O 
O O O O O O O O O O O 
O O O O O O O O O O O O O O O O O O B-restaurant-pricerange O 
O O O O O O O O O O 
O O O O O O O O O O O O O O O O 
O O O O O O O O O O O O O O O O 
O O O O O O B-restaurant-pricerange O O O O O B-restaurant-area O 
O O O O O O O O O O O O O O 
O O O B-restaurant-food O O O O O O O O O O O O 
O O O O O O O O O O O O O O 
O O O O O O O O O B-hotel-type O O O O 
O O O O O 
O O O O O 
O O O O O O O O O O O O O O O O O 
O O O O O O O O O O O O O O O O O 
O O O O O 
O O O O O 
O O O O O O O O O B-hotel-area O O O O 
O O O O O O O O B-hotel-stars O B-hotel-type O 
B-hotel-internet O B-hotel-bookpeople O O B-hotel-bookpeople O O O B-hotel-bookday 
O B-hotel-bookstay O O 
B-hotel-internet O O O O O O O O O O O O O O O O 
O O O O O O O O 
O O O O O O O O 
O O O O O O O O O O O O O 
O O O O O O O O O O O 
O O O O B-restaurant-food O O O O O O B-restaurant-pricerange 
O O O O O O O O O B-restaurant-food O O O B-restaurant-area O O O B-restaurant-pricerange O O 
O O O O O O 
O O O O O O 
O O O O O O O B-restaurant-booktime O B-restaurant-bookday 
O O O O O O O O O O O O O O O O O 
O O O O O O O O 
O O O O O O O O O O 
O O O O O O O O O O B-restaurant-pricerange O O O O O O O O O O O O O O O O O B-restaurant-area O O 
O O O O O O O B-restaurant-food O 
O O O O O O O O B-restaurant-bookday O B-restaurant-booktime O B-restaurant-bookpeople O 
O O O O O O O O O O O O O 
O O O O 
O O O O O O O O O O O O O O O O O O 
O O O O O O O O O O O O O O O O O B-hotel-pricerange O O O O O O O 
B-hotel-parking O O O O O O O O O O O O O 
O O O O O O O O O O O O O 
O O O O O O O O O O O O O B-restaurant-area O O O O O O B-restaurant-pricerange O O 
O O B-restaurant-food O O O O O 
O O O O O O O O O O O O O B-restaurant-booktime O 
O O O O O O O 
O O O O O O O O O O O O 
O O O O O O O O O O O O B-hotel-stars O B-hotel-pricerange O O O O O O O 
O O O O O O B-hotel-stars O O 
O O O O O O O O O O O O B-hotel-bookpeople O O B-hotel-bookstay O O O O 
O O O O O O O B-hotel-bookpeople O O B-hotel-bookstay O O B-hotel-bookday 
O O O O O O O O O 
O O O O O O O O O O O 
O O O O O O O O O O O O O O O O O O B-restaurant-pricerange 
O O O O O O 
O O O O O O O B-restaurant-bookpeople O B-restaurant-booktime O B-restaurant-bookday O 
O O O O O O O O O O O O O O O O O O O O 
O O O O O O O O O O O O O O O O 
O O O O O O O 
O O O O O O O O O O O O O O O O O 
O B-hotel-area O O O O O O O O O O 
O O O O O O O O O O O O O 
O O O O O O B-hotel-bookpeople O O O O O O B-hotel-bookday 
O O O 
O O O O B-hotel-pricerange O O O O O O O 
O O O O O O O O O O B-hotel-stars O O 
O O O B-hotel-bookpeople O O B-hotel-bookstay O O O B-hotel-bookday 
B-hotel-parking O O O O O O O O O O O O O 
O O O O B-hotel-bookday O O O O O 
B-hotel-parking O O O O B-hotel-bookpeople O 
O O O O O O O O O O O O O O 
O O O O O O O O O O O O O O O O O 
O O O O B-hotel-stars O B-hotel-type 
O O O O O O O O B-hotel-bookstay O O B-hotel-bookday O O O B-hotel-bookpeople O O 
O O O O 
O O O 
O O O O O O O O O O O B-restaurant-name 
O O O O O O O O O O O O O O O B-restaurant-booktime O O O O 
O O O O O 
O O O O O O O O O O O O O O O O O 
O O O O O O O O O O O O O O O O O O O O B-restaurant-pricerange O O O O O B-restaurant-area O 
O O B-restaurant-food O O O B-restaurant-food O O O B-restaurant-area O O B-restaurant-pricerange O O 
O O O O B-restaurant-food O O O O O O O O O 
O O O O O 
O O O O O O O 
O O O O O O O O O 
O O O O O 
O O O O B-hotel-type O O O O O O O O O O O O O O O O O 
O O O O O O O 
O O O O O O B-hotel-pricerange O O O O B-hotel-area 
O O O O O O O B-hotel-bookpeople O B-hotel-bookstay O O O B-hotel-bookday 
O O O O O O O O O O O 
O O O O O O O O O 
O O O O O O O O O B-hotel-type O O B-hotel-pricerange O O 
O O O O O O O O O O O B-hotel-area O O O O O 
O O O O O 
O O O O O O B-hotel-bookpeople O O B-hotel-bookpeople O O B-hotel-bookday 
O O O O O 
O O O O O 
B-hotel-parking O O O O O 
B-hotel-parking O O O O O O O O O O O 
O O O O O O O 
O O O O O O O O O O O O O O O O O O 
O B-hotel-parking O O O O O 
O O O O O O O O O O O O O O O O O O O O O O O O O O O O O 
O O O O O O O O O O O O O O O B-restaurant-bookpeople O O B-restaurant-booktime O B-restaurant-bookday O O O O O O O O O 
O O O O O O O O O O B-restaurant-bookpeople O O B-restaurant-booktime O B-restaurant-bookday 
O O O O O O O 
O O O O O O O O O O O O O 
O O O O O O O O O O O O O O 
O O O O O O O O 
O O O O O O O O O O O O O O 
O O O O O O O O O O O O O B-hotel-bookday O B-hotel-bookstay O 
O O O O O O 
O O O O O O O O O B-hotel-pricerange O O O O B-hotel-stars O O 
O O O O O B-hotel-type O O O B-hotel-pricerange O O O O O O O O O O O O O 
O O O O O O O O O O O O O O O O O B-hotel-stars O B-hotel-type O O O O 
O O O O O O O O O O O O O O O O 
O O O O O O O O O O 
O O O O O O O O O O O 
O O O O O O O O O O O O O O O 
O O O O O 
O O O 
O O O O O O O O O O O O O O O O O B-restaurant-food O O O O O O O O O O O B-restaurant-area O 
O O O O O O O 
O O O O O B-restaurant-food O 
O O O O O O B-restaurant-pricerange O O O O B-restaurant-bookpeople O O O O O O O O B-restaurant-booktime O B-restaurant-bookday 
O O O O O O O O O O O O O O 
O O O O O O O 
O O O O O O O O O O O O O 
O O O O O O O O O 
O O O O O O O O O O O O O O O O O O 
O O O O O B-restaurant-pricerange O O O O O O 
O O O O O O O O B-restaurant-food O O O O O O O O O O O O O B-restaurant-bookpeople O B-restaurant-booktime O B-restaurant-bookday 
O O O O O O O O O O 
O O O O O O 
O O O O O O O B-hotel-type O O B-hotel-area O O O O O O O O B-hotel-type O O O O 
O O O O O O O O O O O O O 
O O O O O O O 
O O O O O B-restaurant-pricerange O O O B-restaurant-area O 
O O O O O O O O O O O O 
O O O O O O O O B-restaurant-bookpeople O B-restaurant-booktime O B-restaurant-bookday O O O O O O O O 
O O O O O O O 
O O O O O O O O O O O O O O O 
O O O O O O O 
O O O O O O O O O O O O O O 
O O O O O O O O O O O 
O O O O O O O O O O O O O O O O O O O 
O O O O O O O O O 
O O O O O O O O B-hotel-stars O 
O O O O O 
B-hotel-internet O O O O O B-hotel-bookpeople O O B-hotel-bookpeople O O B-hotel-bookday 
O O O O O O O O O 
O O O O B-restaurant-pricerange O O O O O B-restaurant-area O O O 
B-restaurant-food O O 
O O O O O 
O O O O B-restaurant-bookpeople O O B-restaurant-bookday O B-restaurant-booktime O O O O O 
O O O O O O O O O O O O O O O O O O O O O O O O O O O 
O O O O O O O O O O O O 
O O O O O O O O B-restaurant-booktime O B-restaurant-bookday O O O O O O O O O O O O 
O O O 
O O O 
O O O O O O O O O O O O O O O O O O O O O B-restaurant-area O O O 
O O O O O O O O O O O O O O O O 
O O O O O O O O 
O O O O O O O 
O O O O O O O O O O O O O O O O O O O O O O O O O O O O O 
O O O O O O O O O O O O O O O 
O O O O O O O O O 
O O O O O O O O O O O O O O O O 
O O O O O B-restaurant-area O O B-restaurant-pricerange O O 
O O O O O O O O 
O O O O O O O O O O B-restaurant-bookpeople O B-restaurant-booktime O B-restaurant-bookday O O O O O O O O O O 
O O O O O O O O O O O 
O O O O O 
O O O O O O O 
O O O O O O 
O O O O O O O O O O O O 
O O O O O O O O O O O O O O O O O 
O O O O O O O O B-hotel-area O O O O O O O O 
O O O B-hotel-type O O O O O O O O O O O O O O O B-hotel-bookday O O O O O O O O 
B-hotel-internet O O O O O O O B-hotel-bookstay O O O O O O O B-hotel-bookpeople O O 
O O O O O O O 
O O O O 
O O O O O B-hotel-type O O B-hotel-pricerange O O O O O O O 
O O O O O O O O B-hotel-area 
O O O O B-hotel-stars O O O O O O O 
O O O O O O O O B-hotel-bookpeople O O B-hotel-bookstay O O O B-hotel-bookday 
O O O O B-hotel-type O O O O O 
O O O O O O O O O 
B-hotel-parking O O O O O O 
O O O 
O O O O O O O O O B-restaurant-pricerange O O O O O O 
O O O B-restaurant-pricerange B-restaurant-food O 
O O O O O O O O O O O O O O 
O O O O O O O O O O O O O O O O O O 
O O O O O O O O O O O O B-hotel-type O O O O O 
O O O O O O O O O O O O O O O O O O O O 
O O O O O O O O O O O B-hotel-type O O O O O O O O 
O O O O O O O O O 
B-hotel-internet O O O O O O O O 
O O O O O O O O O O O 
O O O O O O O O O O O 
O O O O O O O O O O O O O O O O 
B-hotel-internet O O O O O O O O O O O O O O B-hotel-bookday 
O O O O O O O O O O O O O 
O O O O O O O O O O O O O 
O O O O O O O O O O O O O O O O O O O O O O O O O O O O O O 
O O O O O O O O O O O O O O O O O O O O O O O O O O O O O O 
O O O O O O 
O O O O O O 
O O O O O O O O B-hotel-area 
O O O O O O O O O 
O O O O O O O O 
O O O O 
O O O B-hotel-bookstay O 
O O O O B-hotel-bookpeople O O B-hotel-bookstay O O O B-hotel-bookday 
O O O O O O O O O O B-restaurant-food O O O O B-restaurant-area 
O O O O O O O O O O O O O O O B-hotel-area 
O O O O O 
O O O O O 
O B-restaurant-food O O 
O O O O 
O O O O O O O O O O 
O O O O O O O O O O 
B-restaurant-booktime O O O O O O O O 
O O O O O O O O O 
O O O O B-restaurant-bookday O B-restaurant-bookpeople O O 
O O O O B-hotel-bookday O B-hotel-bookpeople O O 
O O O O O O 
O O O O O O 
O O O O O O B-hotel-type O O O 
O O O O O B-hotel-area O 
O O O O O O O O O B-hotel-stars O 
O O O O O O O O O O O B-hotel-bookday 
O O O O O O O 
O O O O O O 
O O O O O O O 
O O O O O O O O 
O O O O O O O O O O O 
O O O O O O O O O O O O O 
O O B-restaurant-pricerange O O O O O B-restaurant-area O O O 
O O O B-restaurant-food O O 
O O O O O O B-restaurant-bookpeople O O B-restaurant-bookday O B-restaurant-booktime O O O O O O 
O O O O O O O O O O O O 
O O O O O O O O O O O O B-hotel-type O O O O O O O O O O 
O O O O O O O O O O O O O 
O O O O O O O O O O 
O O O O O O B-hotel-type O O B-hotel-stars O O O O O 
O B-hotel-type O O O O O B-hotel-stars O O O O O 
B-hotel-parking O B-hotel-bookpeople O O B-hotel-bookstay O O O B-hotel-bookday 
O O O O O O O 
O O O O O O B-restaurant-food O 
O O O O O O O B-restaurant-food O 
O O O O O B-restaurant-area O O O O 
O O O O O O O B-restaurant-pricerange O O 
O O O O O O O O O O O O O 
O O O O O O 
O O O O O O O O O B-hotel-area O 
O O O O B-hotel-pricerange O O O O O 
O O O O 
O O O O O O O O O O O O O O O B-hotel-bookpeople O B-hotel-bookstay O O B-hotel-bookday 
O O O O O O O O O O O O O 
O O O O O O O 
O O O O 
O O O O O O O O O O O O O O O O O O O O O O O O O O 
O O O O O O O O O B-restaurant-food O O O O O O O O O O O O O 
O O O O O O O O O O O 
O O O O O O O O O O O O O O O O O O 
O O O O O O O O 
O O O O O O O O O O 
O O O O O O O O O O O 
O O O O O O O O O O O O O 
O O O O O O O O O O O O O O 
B-hotel-internet O O O O O O O O O O O O O O 
O O O O O O O B-hotel-stars O B-hotel-type O O O O B-hotel-pricerange O O O O O 
O O O O O O O O O O O O O O O O O O O 
O O O O O O O O O 
O O O O O O O O O O O O O O 
O O O O O O O O 
O O O O O O O O O O O O O O O O O O O O O O O O 
O O O O B-hotel-area 
O O O B-hotel-area O O O O 
O O O O O O O O O O O O 
O O O O O O O O O O O O O O O O O O O O O O O 
O O O O O O O O O B-hotel-type O O B-hotel-area 
O O O O O O O O O O O O O O O O O O O O O O O 
O O O O O O O 
O O O O O O 
O O O O O O O O O O O B-hotel-area O 
B-hotel-pricerange O O O O O O O O O O O O 
O O O O 
O O O O O O O O O O O O 
O O O O O O O O O O 
O O O O O O O O O O 
O O O O O O B-restaurant-bookpeople O O B-restaurant-bookday O B-restaurant-booktime O O O O 
O O O O O O O O O O O O O O O O 
O O O O 
O O O O 
O O O O O O O O O O O B-hotel-stars O O O O O O O 
O O O O O O O B-hotel-area O O O O O O O O 
O O O O O O O O O O O O O O O O 
B-hotel-internet O O O O O O B-hotel-bookpeople O O O O B-hotel-bookday O O O B-hotel-bookstay O 
O O O O O O O O O O O O O O O O O O 
O O O O O O O B-restaurant-food O O O O 
O O O O O O O O O O O O 
O O O O O O B-restaurant-bookpeople O O B-restaurant-bookday O B-restaurant-booktime O O O O O O O O 
O O O O O O B-hotel-bookpeople O O B-hotel-bookday O O O O O O O O O O 
O O O O O O O O O O O 
O O O O O O O O O O O 
O O O O 
O O O O 
O O O O O O O O O O O O O O O 
O O O O O O O O O O O O O O O O O O O O 
O O O O O O O O O O O O O O O O O O O B-restaurant-bookday O B-restaurant-booktime 
O O O O O O O O O O O O O O O O O O O O O O 
O O O O O O O O O O O O O O O O O O O O O O O O O O 
O O O O O O O O O O O O O O 
O O O O O O O O O O O O O 
O O O O O O O B-restaurant-pricerange O O O B-restaurant-area O O 
O O O O O O O O O O B-restaurant-bookpeople 
B-restaurant-bookday O B-restaurant-booktime 
O O O O O O O B-restaurant-bookday O O O O O O O O O 
O O O O O O O O O O O O O O O O O O O O O O O O O O O 
O O O O O O O O O O O 
O O O O O O O 
O O O O O O O O O O O B-hotel-type O O O O O 
O O O O B-hotel-pricerange O O O O O O O O O O O O O O O 
O O O O B-hotel-type O O O O O 
O O O O O O O O O O O O 
O O O O O O 
O O O O O O O O O O O O O O O O O O O O B-hotel-pricerange O O O O B-hotel-type O 
O O O O O B-hotel-type O B-hotel-stars O O O O O 
O O O O O O O B-restaurant-pricerange B-restaurant-food O O O O 
O O O B-restaurant-food O O O B-restaurant-area O O 
O O O B-restaurant-food O O O O 
O O O O O O O B-restaurant-bookday O O O O B-restaurant-booktime B-restaurant-bookpeople O O O O 
O O O O O O O O O 
O O O O O O O 
O O O O O O O O O O O O O 
O O O O O O O O O O O O B-hotel-area O O O 
O O O O O O O O O B-hotel-type O O O O O 
O O O O O O O O O O O O O 
O O O O O O O O O O O O B-hotel-area O O O O O O O O 
O O O O O O O O O O O 
O O O O O O O O O O O O O O O O 
O O O O O O O O O O O O O O O O O O O O O O O O 
O O O O O O O O 
O O O B-hotel-type O O O 
O O O O O O O 
O O O O O O O O O O B-hotel-stars 
O O O O O O O O 
B-hotel-internet O O O O O O O O 
O O O O O O O O O O O O O O O O O O B-hotel-type B-hotel-bookpeople O B-hotel-bookstay O O B-hotel-bookday 
O O O O O B-restaurant-food O O O O O O 
B-hotel-internet O O O O O O O O O O O 
O O O O O O O O B-restaurant-bookpeople O B-restaurant-booktime O B-restaurant-bookday O 
O O O O O O O O B-hotel-bookpeople O O O B-hotel-bookday O 
O O O O O 
O O O O O 
O O O O O O O O 
O O O O O O O 
O O O O O O O O O 
O O O O O O O O O O O 
O O O O 
O O O O O O O O O O B-restaurant-pricerange 
O O O B-restaurant-food O 
O O O O O O B-restaurant-bookpeople O O B-restaurant-bookday O B-restaurant-booktime O 
O O O O O O O O O 
O O O O O O O O O O O O O O O 
O O O O O O O O O O O O O O O 
O O O O O O O B-restaurant-bookday O O O B-restaurant-bookpeople O O O O O O O 
O O O O O O O O O O O O O O O O O O O 
O O O O O O O O O O O 
O O O O O O O O O O O 
O O O O O O O O O O O O O O O O O O 
O O O O O O O O O O O O O O O O O O 
O O O O O O O 
O O O O O O O 
O O O O O O O O O O O O B-restaurant-area 
O O O B-restaurant-pricerange O O O O O O O O O O O 
O O O O O O O O O O O O O O O B-restaurant-food O 
O O O O O O O O O O O O O B-restaurant-bookday O B-restaurant-booktime 
O O O O O O O O O 
O O O O O O O 
O O O O O O O O O O O O O 
O O O O O O O 
O O O O O O O O O O O 
O O O O O O O O 
O O O O O O O O O O O O O O O O O 
O O O O O O 
O O O O O O O O O O 
O O O O O O O O O O O O O O O O O O O O O O 
O O O O O O B-hotel-stars O O 
O O O O O 
O O O O O O O O O B-hotel-bookpeople O O B-hotel-bookstay O O B-hotel-bookday 
O O O O O O O 
O O O O O O O O O O O O O O O O B-restaurant-area O B-restaurant-pricerange 
O O O O O O O O O O O O O O O O O O O O O O O 
O O O O O O O O O O O 
O O O O O O O O O 
O O O O O O O O O O O O O O O O 
O O O O B-hotel-type O O 
O O O O O 
B-hotel-parking O O O O B-hotel-bookpeople O O B-hotel-bookstay O O O B-hotel-bookday 
O O B-hotel-type O O O O O O O O 
O O O O O O O O 
O O O O B-restaurant-food O 
O O O 
O O O O O O B-restaurant-food O O O B-restaurant-area O O 
O O O B-restaurant-food 
O O O O O O O O B-restaurant-pricerange O O O O O B-restaurant-area O O O O O O O O O B-restaurant-food O O 
O O O O O O 
O O O O O O O O O O O B-restaurant-bookpeople 
O O O O O B-restaurant-bookday O B-restaurant-booktime O 
O O O O O O O O O O 
O O O O O O O O O O 
O O O O O O O O O O O O 
O O O O B-restaurant-pricerange O O O O O O 
O O O O O O O O O O O O 
O O O O O O O O O O O O O O O O 
O O O O O O O O O O O O O O O O 
O O O O O O O O O O 
O O O O O O O O O O 
O O O O O O O O O 
O O O O O O O O O 
O O O O O O O O O B-restaurant-area O O O 
O O O O O O O O O O O 
O O O 
O 
O O O O O O O O B-restaurant-pricerange O O O O O B-restaurant-area O O 
O O O O O O O O O O O O O O O O O 
O O O B-restaurant-food O 
O O O O O O O O B-restaurant-bookpeople O B-restaurant-booktime O B-restaurant-bookday 
O O O O O O O O O O O O O O O O O O O O O 
O O O O O O O O O O O O O O O O O O O O O 
O O O O O O O O B-restaurant-area O O O O O O O O O O B-restaurant-area 
O O O O O O O O B-hotel-area O O O O O O O O O O B-hotel-area 
O O O O O O 
O O O B-hotel-pricerange O O 
O O O O O O O O 
O O O O O O O O 
O O O O O O O O O 
O O O O O O O O O 
O O O O O O 
O O O O O O 
O O O O O O O O O O O O O O 
O O O O O O O O O O O O O O 
O O O O O O O O 
O O O O O O O O 
O O O O O O O O B-restaurant-pricerange O O O O B-restaurant-food O 
O O O O O O B-restaurant-bookpeople O O B-restaurant-booktime O B-restaurant-bookday 
O O O O O 
O O O O O 
O O O O O O O O O O O O O O O O O 
O O O O O O O O O O O 
O O O O O O O O O O O O O 
O O O O O O O O O O O O O O O O 
O O O O O O 
O O O O O O O O O O O O O O O O O O O O O O B-restaurant-food O O O B-restaurant-area O O O 
O O O O O O O O O O O O 
O O O O O O O O O O O O 
O O O O O O O O B-restaurant-area 
O O O O B-restaurant-food 
O O O O B-restaurant-bookpeople O O O B-restaurant-booktime O B-restaurant-bookday 
O O O O O O O 
O O O O O O O O O O B-restaurant-bookday O O O O O O O 
O O O O O O O O O O O O O 
O O O O O O O O O O O O 
O O O O O O O O O O O O O O 
O O B-hotel-bookstay O O B-hotel-bookday O B-hotel-bookpeople O O 
O O B-hotel-bookstay O O O O 
O O O O O O O O O O O O 
O O O O O O O O O O O O 
O O O O O O O O O O O O O 
O O O O O O O O O O O O O 
O O O O O O O O O O O O O O O 
O O O O O O O O O O O O O O O 
O O O B-restaurant-pricerange O 
O O O B-restaurant-food O O O B-restaurant-area O 
O O O O O B-restaurant-bookpeople O B-restaurant-booktime O B-restaurant-bookday 
O O O O O O 
O O O O O O O O O O O O B-restaurant-pricerange O O O O O O O B-restaurant-area 
O O O B-restaurant-food O 
O O O O O B-restaurant-food O O O 
O O O O O O O B-restaurant-bookpeople O O B-restaurant-bookday O B-restaurant-booktime 
O O O O O O O O O 
O O O O O 
O O O O B-hotel-type O O O O O O O O O O B-hotel-stars O O O O O O O 
O O O O O O B-hotel-stars O O O O B-hotel-area 
O O O O O 
O O O O O O O O O B-restaurant-area O O O B-restaurant-food O 
O O O O O O O B-restaurant-pricerange O O B-restaurant-food O 
O O O O O O O O O O O O O O 
O O O O O O O O O O O O O O 
O O O O O O O O O O O O O O 
O O O O O O O O O 
O O O O O O O O O 
O O O O O O O O O O O O O O 
O O O O O O O O O O O O O O 
O O O O O O O O O O O O O B-restaurant-food O O O B-restaurant-area O 
O O O O O O 
O O O O O O O O O O O 
O O O O O O O O 
O O O O O O O B-restaurant-pricerange O O 
O O O O B-restaurant-pricerange O O O O O B-restaurant-area O O O O O O O O O O O O O O O O O 
O O O O O O O O O O O O O O O O 
O O O O O O O B-restaurant-bookpeople O B-restaurant-bookday O B-restaurant-booktime O O O O O O O 
O O O O O 
O O O B-restaurant-food O O O O O O O O O O B-restaurant-area O O 
O O O O O O 
O O O O O O 
O O B-restaurant-food O 
O O 
O O O O O O 
O O O O O O O O O O O O O O O O B-hotel-stars O B-hotel-type O 
O O O O O O O O O O O O O 
O O O B-hotel-area O O O O O O O O 
O O O O O O O B-hotel-bookpeople O O B-hotel-bookstay O O B-hotel-bookday 
O O O O O O O O 
O O O O O O O O O O O B-hotel-type O O O O O O O O 
O O O O O O 
B-hotel-parking O O O O O O O O O O O O O 
O O O O O O O O O O O O O O O O 
B-hotel-parking O O O O O O O O 
O O O O O O O 
O O O O O B-hotel-pricerange O O O O O O O O O O O O O O O O O O 
O O O O O O O O O O O O 
O O O O O O O B-hotel-pricerange O O O O O 
O O O O O O 
B-hotel-internet O O O O O O O O O O O O O O O O O O O O 
O O O O O O O O O O O O O O O O O O O O O O O O O 
O O O O O O O O 
O O O O O O O O O O O 
O O O O O O O O 
O O O O O O O O 
O O O O O O B-hotel-name O O O O O O O O O O O O O 
O O O O O O O O 
O O O O O O 
O O O O O 
O O O O O O O O O O O O O O O B-hotel-type O O O 
O O O O O 
O O O O B-hotel-type O O O O 
O O O O O O O 
O O O O O O O O O O O O B-restaurant-pricerange O O O B-restaurant-area 
O O B-restaurant-food O O 
O O O O O O O 
O O O O O O O O O B-restaurant-bookpeople O O B-restaurant-bookday O B-restaurant-booktime O 
O O O O O O O O O O O O O 
O O O O O O O O 
O O O O 
O O O O O 
O O O O O B-restaurant-pricerange O O O B-restaurant-food O O 
O O O O O O O O O O O B-restaurant-bookday O B-restaurant-booktime O O O O O 
O O O O O O O O 
O O O O O O O O O O O O O 
O O O O O O O O 
O O O B-hotel-type O O O O O O O O 
O O O O O O O 
O O O O O O O O O O B-hotel-type O 
O O O O O O O O O 
O O O B-restaurant-pricerange O O O B-restaurant-area 
B-restaurant-food O O O 
O O O O O B-restaurant-bookpeople O O B-restaurant-bookday O B-restaurant-booktime 
O O O O O 
O O O O O O O O 
O O O O O O O O O O O O O 
O O O O O O O O O O O O O O O O O O O O 
O O O O O O B-restaurant-bookpeople O O O 
O O O O O O O O O 
O O O B-restaurant-food O O O O B-restaurant-pricerange O O 
O O O O O 
O O O O O O O 
O O O 
O O O O O O O O B-restaurant-pricerange O 
O O O O O B-restaurant-food O O O O B-restaurant-pricerange B-restaurant-food O O O O B-restaurant-area 
O O O O O B-restaurant-food O O O O O 
O O O O O O O O O O O O B-restaurant-bookpeople O B-restaurant-booktime O B-restaurant-bookday O O O O O O O O 
O O O O O O O O O O O O O O 
O O O O O O O O O O O O O O 
O O O O O O O O 
O O O O B-restaurant-pricerange B-restaurant-food O O O 
O O B-restaurant-food O O 
O O O O O O B-restaurant-pricerange O O 
O O O O O O O O O B-restaurant-bookpeople O O B-restaurant-bookday O B-restaurant-booktime O O O O O O O O O O O O 
O O O O O O O 
O O O O O O O 
O O O O O O O 
O O O O O O O O O 
O O O O O O O B-restaurant-food O O O B-restaurant-pricerange O O O O O 
O O O O O O O O O B-restaurant-area 
O O O O O O B-restaurant-pricerange O O O O O O O O O O O 
O O O O O O O O O O O O O 
O O O O O O O 
O O O O O O B-restaurant-food O O O B-restaurant-area 
O O O O O B-restaurant-food O 
O O O O O O O O O O O O O O O O O O O O O O B-restaurant-area O O 
O O O O O O O O O O O O O 
O O O O O O O 
O O O O O O O O O O O 
O O O O O 
O O O O O 
O O O O O O O O O O 
O O O O O O O O O O O O O B-hotel-type O O B-hotel-stars O O O O B-hotel-pricerange O O 
O O O O O B-hotel-type 
O O O O O O O B-hotel-type O O O O 
O O O O O O O O O O O B-hotel-stars O O O O B-hotel-area O O O O O O O O 
O O O O O O O O O O O O B-hotel-bookpeople O O B-hotel-bookday O B-hotel-bookstay O O O O O O O O O O 
O O O O O O O O O 
