O O O O O O O O O B-vaccinebrand B-type O
O O O O O O B-vaccinebrand
O O O O O B-area O
O O O O O B-bookpeople O O B-booktime O B-bookday
O O O O O O O
O O O O O
O O O O B-name O
O O O O O O O O B-bookday O B-booktime O O O O O
O O O B-customername I-customername O O O B-customer-phonenumber
O O O O B-bookday O B-booktime
B-type O
B-bookpeople O
O O O O O O O
O O O O O O O O O O O
O O O O O O B-type O
O O O O O O O O B-vaccinebrand
O O O O O O O O O O O O
O O O O O B-bookpeople O O B-booktime O O B-bookday
O O O B-customername I-customername O O O B-customer-phonenumber
O O O O
O O O O O O B-type O O
O O O O O O O B-area O O B-vaccinebrand
O O O O O O B-bookpeople O O B-bookday O O B-booktime O O O O O O O
O O O B-customername I-customername O O O B-customer-phonenumber
O O O O O O O O O
O O O O O O O O O B-vaccinebrand B-type O
O O O O O O B-vaccinebrand O
O O O O O B-area O
O O O O O B-bookpeople O O B-booktime O B-bookday
O O O B-customername I-customername O O O B-customer-phonenumber
O O O O O O O
O O O O O
O O O O O O O B-name O O O O O O O
O O O O O O O O B-bookpeople O B-booktime O B-bookday O O O O
O O O B-customername I-customername O O O B-customer-phonenumber
O O O O O O O O
O O O O O B-type O
O O O O O B-area
O B-area O O O
O O O O O O O O O O O O O O O B-type O O O B-vaccinebrand O O O O B-area
O O O O O O O O O B-bookday B-booktime O B-bookpeople O
O O O O O O O O B-bookpeople O O B-booktime O O B-bookday
O O O B-customername I-customername O O O B-customer-phonenumber
O O O
O O O O O O
O O O O B-area O O O O O O O O O O O O O O B-type O O O O
O O O O O O O O O O O B-bookpeople O O O O O O
O O O O O O
O O O O O O O O
O O O O B-type O O O
O O O O O O O O O O O O
O O O O O O O O B-type O O O O O O
O O O B-area
O B-vaccinebrand O
O O O O O B-booktime O O B-bookday O O B-bookpeople O O
O O B-customername I-customername O O O O O B-customer-phonenumber
O O O O O O O O O O O
O O O O B-type O O O B-area
O B-vaccinebrand O
O O O O O O B-vaccinebrand
O O O O O
O O O O O O B-bookday O B-booktime
O O B-bookpeople O
O O B-customername I-customername O O O O O B-customer-phonenumber
O O O
O O O O O O O O
O O O O O O B-area O O O O O B-type O
O O B-vaccinebrand
O
O O O O O B-bookday O B-booktime
O B-bookpeople O O O O O O O O
B-customername I-customername O B-customer-phonenumber
O O O O O O O O
O O O O O
O O O O O O O O B-type O O O B-vaccinebrand
O O O O B-area O O O O
O O O O O B-bookpeople O O B-booktime O O B-bookday
O O O B-customername I-customername O B-customer-phonenumber O O O O
O O O O O O O
O O O O O B-booktime O B-bookday O B-bookpeople O
B-type O
B-vaccinebrand
B-area O O O O O O
O B-customername I-customername O O O O B-customer-phonenumber
O O O O O O O O
O O O O O O O O B-vaccinebrand B-type O
O O O O O O O B-area
O O O O O B-bookpeople O B-bookday O B-booktime O
O B-customername I-customername O O O O B-customer-phonenumber
O O O O O O O O
O O O O O O O B-type O O O O O O O O O B-area
O O O B-vaccinebrand
O O O B-name I-name O O O
O O O B-bookpeople O B-booktime O B-bookday O O O O O O O O O O
O O O B-name O
O O O B-customername I-customername O O O O O B-customer-phonenumber
O O O O O O O O
O O O O O O B-type O O O
O O O O O O B-vaccinebrand O
O O O O B-name O
O O O O B-bookday O B-booktime O O B-bookpeople O
O O O B-customername I-customername O O O B-customer-phonenumber
O O O O O O O O O
O O O B-vaccinebrand B-type O O O O O B-bookpeople O O O O O
O O O O O O O B-booktime O B-bookday O O O O O O
O O B-bookpeople O O O O O O O O O
B-customername I-customername O O O O B-customer-phonenumber
O O O O O O O
O O O O O O O B-area O O O O B-type O
O O O O O O O O O B-bookpeople O
O O O O B-bookday O O B-booktime O
O O O O O O B-booktime O O O O O
O O O O B-customername I-customername O O O B-customer-phonenumber
O O O O O O O O O O O
O O O O O O O O O O B-type O
B-area O O
O O O O O O O O O O O O O
O O O O O O O O O B-bookpeople O O B-booktime O O B-bookday
O O O
B-customername I-customername O O O O B-customer-phonenumber
O O O O O O O
O O O O O O O O B-type O O O O O O O O B-vaccinebrand O O O B-area
O O O O O O B-vaccinebrand
O O O O O O B-bookpeople O O B-booktime O O B-bookday
O O B-customername I-customername O O O O B-customer-phonenumber
O B-booktime O O B-bookday O O O O O O O O O O O O
O O O O O O
